{"timestamp":"2025-05-28T18:07:20","level":"INFO","message":"Starte Login mit Benutzer DKBEY002..."}
{"timestamp":"2025-05-28T18:07:20","level":"ERROR","message":"Login fehlgeschlagen: Session-ID nicht gefunden in Antwort"}
{"timestamp":"2025-05-28T18:10:06","level":"INFO","message":"Starte Login mit Benutzer DKBEY002..."}
{"timestamp":"2025-05-28T18:10:06","level":"INFO","message":"Login erfolgreich. Session-ID: 1b0u8h6seikourquydt6aumm81407"}
{"timestamp":"2025-05-28T18:10:06","level":"INFO","message":"Fordere Upload-Token an..."}
{"timestamp":"2025-05-28T18:10:08","level":"ERROR","message":"Upload-Token-Abruf fehlgeschlagen: \r\n{\r\n  \"exception\": null,\r\n  \"fieldViolations\": [],\r\n  \"propertyViolations\": [],\r\n  \"classViolations\": [],\r\n  \"parameterViolations\": [\r\n    {\r\n      \"constraintType\": \"PARAMETER\",\r\n      \"path\": \"setNodeMetadata.arg1\",\r\n      \"message\": \"Invalid number. Expected a positive 64-bit number, encoded in case-insensitive base36, e.g. 77783305 = \\u00271Ab5Zd\\u0027.\",\r\n      \"value\": \"=up\\u0026param=nopt\\u0026opt=nopt\"\r\n    }\r\n  ],\r\n  \"returnValueViolations\": []\r\n}"}
{"level":"INFO","timestamp":"2025-05-28T18:32:24","message":"Starte Login mit Benutzer DKBEY002..."}
{"level":"ERROR","timestamp":"2025-05-28T18:32:25","message":"Login fehlgeschlagen: \r\n{\r\n  \"exception\": null,\r\n  \"fieldViolations\": [],\r\n  \"propertyViolations\": [],\r\n  \"classViolations\": [],\r\n  \"parameterViolations\": [\r\n    {\r\n      \"constraintType\": \"PARAMETER\",\r\n      \"path\": \"login.arg0.payload.password\",\r\n      \"message\": \"Invalid string. Expected a string of certain minimal length.\",\r\n      \"value\": \"\"\r\n    }\r\n  ],\r\n  \"returnValueViolations\": []\r\n}"}
{"level":"INFO","timestamp":"2025-05-28T18:32:58","message":"Starte Login mit Benutzer DKBEY002..."}
{"level":"ERROR","timestamp":"2025-05-28T18:32:58","message":"Login fehlgeschlagen: \r\n{\r\n  \"exception\": null,\r\n  \"fieldViolations\": [],\r\n  \"propertyViolations\": [],\r\n  \"classViolations\": [],\r\n  \"parameterViolations\": [\r\n    {\r\n      \"constraintType\": \"PARAMETER\",\r\n      \"path\": \"login.arg0.payload.password\",\r\n      \"message\": \"Invalid string. Expected a string of certain minimal length.\",\r\n      \"value\": \"\"\r\n    }\r\n  ],\r\n  \"returnValueViolations\": []\r\n}"}
{"level":"INFO","timestamp":"2025-05-28T18:33:26","message":"Starte Login mit Benutzer DKBEY002..."}
{"level":"INFO","timestamp":"2025-05-28T18:33:27","message":"Login erfolgreich. Session-ID: xl92povrzu9p11b5pu2jbho7a1465"}
{"level":"INFO","timestamp":"2025-05-28T18:33:27","message":"Fordere Upload-Token an..."}
{"level":"ERROR","timestamp":"2025-05-28T18:33:27","message":"Upload-Token-Abruf fehlgeschlagen: \r\n{\r\n  \"exception\": null,\r\n  \"fieldViolations\": [],\r\n  \"propertyViolations\": [],\r\n  \"classViolations\": [],\r\n  \"parameterViolations\": [\r\n    {\r\n      \"constraintType\": \"PARAMETER\",\r\n      \"path\": \"setNodeMetadata.arg1\",\r\n      \"message\": \"Invalid number. Expected a positive 64-bit number, encoded in case-insensitive base36, e.g. 77783305 = \\u00271Ab5Zd\\u0027.\",\r\n      \"value\": \"=up\\u0026param=nopt\\u0026opt=nopt\"\r\n    }\r\n  ],\r\n  \"returnValueViolations\": []\r\n}"}
{"level":"INFO","timestamp":"2025-05-28T18:35:51","message":"Starte Login mit Benutzer DKBEY002..."}
{"level":"INFO","timestamp":"2025-05-28T18:35:51","message":"Login erfolgreich. Session-ID: s8iwhmksub0k19krslodop9eb2092"}
{"level":"INFO","timestamp":"2025-05-28T18:35:51","message":"Fordere Upload-Token an..."}
{"level":"INFO","timestamp":"2025-05-28T18:35:51","message":"Upload-Token erhalten: e0e6c5e0-0c6f-4421-82ec-e0ce25ba6add"}
{"level":"INFO","timestamp":"2025-05-28T18:35:51","message":"Bereite Datei-Upload vor: idgard_test_file.txt (10 Bytes)"}
{"level":"ERROR","timestamp":"2025-05-28T18:35:51","message":"Fehler beim Upload: Upload-Antwort ungültig: "}
{"level":"INFO","timestamp":"2025-05-28T18:37:41","message":"Starte Login mit Benutzer DKBEY002..."}
{"level":"INFO","timestamp":"2025-05-28T18:37:41","message":"Login erfolgreich. Session-ID: 1puv1zym0cfsw9cksdcvkpj382095"}
{"level":"INFO","timestamp":"2025-05-28T18:37:41","message":"Fordere Upload-Token an..."}
{"level":"ERROR","timestamp":"2025-05-28T18:37:41","message":"Upload-Token-Abruf fehlgeschlagen: \r\n{\r\n  \"exception\": null,\r\n  \"fieldViolations\": [],\r\n  \"propertyViolations\": [],\r\n  \"classViolations\": [],\r\n  \"parameterViolations\": [\r\n    {\r\n      \"constraintType\": \"PARAMETER\",\r\n      \"path\": \"setNodeMetadata.arg0\",\r\n      \"message\": \"Invalid number. Expected a positive 64-bit number, encoded in case-insensitive base36, e.g. 77783305 = \\u00271Ab5Zd\\u0027.\",\r\n      \"value\": \"$BoxId\"\r\n    }\r\n  ],\r\n  \"returnValueViolations\": []\r\n}"}
{"level":"INFO","timestamp":"2025-05-28T18:37:50","message":"Starte Login mit Benutzer DKBEY002..."}
{"level":"INFO","timestamp":"2025-05-28T18:37:50","message":"Login erfolgreich. Session-ID: 1x6xyxisjn65f1hzjhtmse6f0j1467"}
{"level":"INFO","timestamp":"2025-05-28T18:37:50","message":"Fordere Upload-Token an..."}
{"level":"ERROR","timestamp":"2025-05-28T18:37:51","message":"Upload-Token-Abruf fehlgeschlagen: \r\n{\r\n  \"exception\": null,\r\n  \"fieldViolations\": [],\r\n  \"propertyViolations\": [],\r\n  \"classViolations\": [],\r\n  \"parameterViolations\": [\r\n    {\r\n      \"constraintType\": \"PARAMETER\",\r\n      \"path\": \"setNodeMetadata.arg0\",\r\n      \"message\": \"Invalid number. Expected a positive 64-bit number, encoded in case-insensitive base36, e.g. 77783305 = \\u00271Ab5Zd\\u0027.\",\r\n      \"value\": \"$BoxId\"\r\n    }\r\n  ],\r\n  \"returnValueViolations\": []\r\n}"}
{"level":"INFO","timestamp":"2025-05-28T18:38:20","message":"Starte Login mit Benutzer DKBEY002..."}
{"level":"INFO","timestamp":"2025-05-28T18:38:21","message":"Login erfolgreich. Session-ID: 1pz2v53epn5d194k59eufo4531498"}
{"level":"INFO","timestamp":"2025-05-28T18:38:21","message":"Fordere Upload-Token an..."}
{"level":"ERROR","timestamp":"2025-05-28T18:38:21","message":"Upload-Token-Abruf fehlgeschlagen: \r\n{\r\n  \"exception\": null,\r\n  \"fieldViolations\": [],\r\n  \"propertyViolations\": [],\r\n  \"classViolations\": [],\r\n  \"parameterViolations\": [\r\n    {\r\n      \"constraintType\": \"PARAMETER\",\r\n      \"path\": \"setNodeMetadata.arg0\",\r\n      \"message\": \"Invalid number. Expected a positive 64-bit number, encoded in case-insensitive base36, e.g. 77783305 = \\u00271Ab5Zd\\u0027.\",\r\n      \"value\": \"$BoxId\"\r\n    }\r\n  ],\r\n  \"returnValueViolations\": []\r\n}"}
{"level":"INFO","timestamp":"2025-05-28T18:38:42","message":"Starte Login mit Benutzer DKBEY002..."}
{"level":"INFO","timestamp":"2025-05-28T18:38:43","message":"Login erfolgreich. Session-ID: 1i7ooazucha50gclazy5j4ae41429"}
{"level":"INFO","timestamp":"2025-05-28T18:38:43","message":"Fordere Upload-Token an..."}
{"level":"ERROR","timestamp":"2025-05-28T18:38:43","message":"Upload-Token-Abruf fehlgeschlagen: \r\n{\r\n  \"exception\": null,\r\n  \"fieldViolations\": [],\r\n  \"propertyViolations\": [],\r\n  \"classViolations\": [],\r\n  \"parameterViolations\": [\r\n    {\r\n      \"constraintType\": \"PARAMETER\",\r\n      \"path\": \"setNodeMetadata.arg1\",\r\n      \"message\": \"Invalid number. Expected a positive 64-bit number, encoded in case-insensitive base36, e.g. 77783305 = \\u00271Ab5Zd\\u0027.\",\r\n      \"value\": \"=up\\u0026param=nopt\\u0026opt=nopt\"\r\n    }\r\n  ],\r\n  \"returnValueViolations\": []\r\n}"}
{"level":"INFO","timestamp":"2025-05-28T18:38:48","message":"Starte Login mit Benutzer DKBEY002..."}
{"level":"INFO","timestamp":"2025-05-28T18:38:49","message":"Login erfolgreich. Session-ID: 1jait9c0r27amm3taibo3ewx51485"}
{"level":"INFO","timestamp":"2025-05-28T18:38:49","message":"Fordere Upload-Token an..."}
{"level":"ERROR","timestamp":"2025-05-28T18:38:49","message":"Upload-Token-Abruf fehlgeschlagen: \r\n{\r\n  \"exception\": null,\r\n  \"fieldViolations\": [],\r\n  \"propertyViolations\": [],\r\n  \"classViolations\": [],\r\n  \"parameterViolations\": [\r\n    {\r\n      \"constraintType\": \"PARAMETER\",\r\n      \"path\": \"setNodeMetadata.arg1\",\r\n      \"message\": \"Invalid number. Expected a positive 64-bit number, encoded in case-insensitive base36, e.g. 77783305 = \\u00271Ab5Zd\\u0027.\",\r\n      \"value\": \"=up\\u0026param=nopt\\u0026opt=nopt\"\r\n    }\r\n  ],\r\n  \"returnValueViolations\": []\r\n}"}
{"level":"INFO","timestamp":"2025-05-28T18:42:53","message":"Starte Login mit Benutzer DKBEY002..."}
{"level":"INFO","timestamp":"2025-05-28T18:42:53","message":"Login erfolgreich. Session-ID: r4dsgx5ksf5b1pchnodmo6wc51439"}
{"level":"INFO","timestamp":"2025-05-28T18:42:53","message":"Fordere Upload-Token an..."}
{"level":"INFO","timestamp":"2025-05-28T18:42:53","message":"Upload-Token erhalten: 655de023-6ce1-429a-ac2e-ca7d84962a72"}
{"level":"INFO","timestamp":"2025-05-28T18:42:53","message":"Bereite Datei-Upload vor: idgard_test_file.txt (10 Bytes)"}
{"level":"ERROR","timestamp":"2025-05-28T18:42:54","message":"Fehler beim Upload: Upload-Antwort ungültig: "}
{"level":"INFO","timestamp":"2025-05-28T18:44:06","message":"Starte Login mit Benutzer DKBEY002..."}
{"level":"INFO","timestamp":"2025-05-28T18:44:07","message":"Login erfolgreich. Session-ID: 1asvmow8u2ldj11y1ttnb3ta7o1432"}
{"level":"INFO","timestamp":"2025-05-28T18:44:07","message":"Fordere Upload-Token an..."}
{"level":"ERROR","timestamp":"2025-05-28T18:44:07","message":"Upload-Token-Abruf fehlgeschlagen: \r\n{\r\n  \"exception\": null,\r\n  \"fieldViolations\": [],\r\n  \"propertyViolations\": [],\r\n  \"classViolations\": [],\r\n  \"parameterViolations\": [\r\n    {\r\n      \"constraintType\": \"PARAMETER\",\r\n      \"path\": \"setNodeMetadata.arg1\",\r\n      \"message\": \"Invalid number. Expected a positive 64-bit number, encoded in case-insensitive base36, e.g. 77783305 = \\u00271Ab5Zd\\u0027.\",\r\n      \"value\": \"=up\\u0026param=nopt\\u0026opt=nopt\"\r\n    }\r\n  ],\r\n  \"returnValueViolations\": []\r\n}"}
{"level":"INFO","timestamp":"2025-05-28T18:44:41","message":"Starte Login mit Benutzer DKBEY002..."}
{"level":"INFO","timestamp":"2025-05-28T18:44:41","message":"Login erfolgreich. Session-ID: 1as85hf7dvoeu1jy3agdrq36td1493"}
{"level":"INFO","timestamp":"2025-05-28T18:44:41","message":"Fordere Upload-Token an..."}
{"level":"ERROR","timestamp":"2025-05-28T18:44:41","message":"Upload-Token-Abruf fehlgeschlagen: \r\n{\r\n  \"exception\": null,\r\n  \"fieldViolations\": [],\r\n  \"propertyViolations\": [],\r\n  \"classViolations\": [],\r\n  \"parameterViolations\": [\r\n    {\r\n      \"constraintType\": \"PARAMETER\",\r\n      \"path\": \"setNodeMetadata.arg1\",\r\n      \"message\": \"Invalid number. Expected a positive 64-bit number, encoded in case-insensitive base36, e.g. 77783305 = \\u00271Ab5Zd\\u0027.\",\r\n      \"value\": \"=up\\u0026param=nopt\\u0026opt=nopt\"\r\n    }\r\n  ],\r\n  \"returnValueViolations\": []\r\n}"}
{"level":"INFO","timestamp":"2025-05-28T18:44:57","message":"Starte Login mit Benutzer DKBEY002..."}
{"level":"INFO","timestamp":"2025-05-28T18:44:58","message":"Login erfolgreich. Session-ID: 1uj7oozeoqlxj199n5w0rnjx5o1448"}
{"level":"INFO","timestamp":"2025-05-28T18:44:58","message":"Fordere Upload-Token an..."}
{"level":"ERROR","timestamp":"2025-05-28T18:47:07","message":"Upload-Token-Abruf fehlgeschlagen: \r\n{\r\n  \"exception\": null,\r\n  \"fieldViolations\": [],\r\n  \"propertyViolations\": [],\r\n  \"classViolations\": [],\r\n  \"parameterViolations\": [\r\n    {\r\n      \"constraintType\": \"PARAMETER\",\r\n      \"path\": \"setNodeMetadata.arg1\",\r\n      \"message\": \"Invalid number. Expected a positive 64-bit number, encoded in case-insensitive base36, e.g. 77783305 = \\u00271Ab5Zd\\u0027.\",\r\n      \"value\": \"=up\\u0026param=nopt\\u0026opt=nopt\"\r\n    }\r\n  ],\r\n  \"returnValueViolations\": []\r\n}"}
{"level":"INFO","timestamp":"2025-05-28T18:47:22","message":"Starte Login mit Benutzer DKBEY002..."}
{"level":"INFO","timestamp":"2025-05-28T18:47:22","message":"Login erfolgreich. Session-ID: hesb0xy1ke462gu0yvww8b501500"}
{"level":"INFO","timestamp":"2025-05-28T18:47:22","message":"Fordere Upload-Token an..."}
{"level":"ERROR","timestamp":"2025-05-28T18:47:24","message":"Upload-Token-Abruf fehlgeschlagen: \r\n{\r\n  \"exception\": null,\r\n  \"fieldViolations\": [],\r\n  \"propertyViolations\": [],\r\n  \"classViolations\": [],\r\n  \"parameterViolations\": [\r\n    {\r\n      \"constraintType\": \"PARAMETER\",\r\n      \"path\": \"setNodeMetadata.arg1\",\r\n      \"message\": \"Invalid number. Expected a positive 64-bit number, encoded in case-insensitive base36, e.g. 77783305 = \\u00271Ab5Zd\\u0027.\",\r\n      \"value\": \"=up\\u0026param=nopt\\u0026opt=nopt\"\r\n    }\r\n  ],\r\n  \"returnValueViolations\": []\r\n}"}
{"level":"INFO","timestamp":"2025-05-28T18:49:25","message":"Starte Login mit Benutzer DKBEY002..."}
{"level":"INFO","timestamp":"2025-05-28T18:49:25","message":"Login erfolgreich. Session-ID: 1wa9f63lauzck1rzc80opevg3m1488"}
{"level":"INFO","timestamp":"2025-05-28T18:49:25","message":"Fordere Upload-Token an..."}
{"level":"ERROR","timestamp":"2025-05-28T18:54:36","message":"Upload-Token-Abruf fehlgeschlagen: \r\n{\r\n  \"exception\": null,\r\n  \"fieldViolations\": [],\r\n  \"propertyViolations\": [],\r\n  \"classViolations\": [],\r\n  \"parameterViolations\": [\r\n    {\r\n      \"constraintType\": \"PARAMETER\",\r\n      \"path\": \"setNodeMetadata.arg1\",\r\n      \"message\": \"Invalid number. Expected a positive 64-bit number, encoded in case-insensitive base36, e.g. 77783305 = \\u00271Ab5Zd\\u0027.\",\r\n      \"value\": \"=up\\u0026param=nopt\\u0026opt=nopt\"\r\n    }\r\n  ],\r\n  \"returnValueViolations\": []\r\n}"}
{"level":"INFO","timestamp":"2025-05-28T18:54:41","message":"Starte Login mit Benutzer DKBEY002..."}
{"level":"INFO","timestamp":"2025-05-28T18:54:42","message":"Login erfolgreich. Session-ID: zekrgklflano184cge4llo1wv1303"}
{"level":"INFO","timestamp":"2025-05-28T18:54:42","message":"Fordere Upload-Token an..."}
{"level":"ERROR","timestamp":"2025-05-28T18:54:42","message":"Upload-Token-Abruf fehlgeschlagen: \r\n{\r\n  \"exception\": null,\r\n  \"fieldViolations\": [],\r\n  \"propertyViolations\": [],\r\n  \"classViolations\": [],\r\n  \"parameterViolations\": [\r\n    {\r\n      \"constraintType\": \"PARAMETER\",\r\n      \"path\": \"setNodeMetadata.arg1\",\r\n      \"message\": \"Invalid number. Expected a positive 64-bit number, encoded in case-insensitive base36, e.g. 77783305 = \\u00271Ab5Zd\\u0027.\",\r\n      \"value\": \"=up\\u0026param=nopt\\u0026opt=nopt\"\r\n    }\r\n  ],\r\n  \"returnValueViolations\": []\r\n}"}
{"level":"INFO","timestamp":"2025-05-28T18:54:58","message":"Starte Login mit Benutzer DKBEY002..."}
{"level":"INFO","timestamp":"2025-05-28T18:54:59","message":"Login erfolgreich. Session-ID: 1n5qa7vta3wzc14xvjs17ju1fd1383"}
{"level":"INFO","timestamp":"2025-05-28T18:54:59","message":"Fordere Upload-Token an..."}
{"level":"ERROR","timestamp":"2025-05-28T18:57:49","message":"Upload-Token-Abruf fehlgeschlagen: \r\n{\r\n  \"exception\": null,\r\n  \"fieldViolations\": [],\r\n  \"propertyViolations\": [],\r\n  \"classViolations\": [],\r\n  \"parameterViolations\": [\r\n    {\r\n      \"constraintType\": \"PARAMETER\",\r\n      \"path\": \"setNodeMetadata.arg1\",\r\n      \"message\": \"Invalid number. Expected a positive 64-bit number, encoded in case-insensitive base36, e.g. 77783305 = \\u00271Ab5Zd\\u0027.\",\r\n      \"value\": \"=up\\u0026param=nopt\\u0026opt=nopt\"\r\n    }\r\n  ],\r\n  \"returnValueViolations\": []\r\n}"}
{"level":"INFO","timestamp":"2025-05-28T18:57:54","message":"Starte Login mit Benutzer DKBEY002..."}
{"level":"INFO","timestamp":"2025-05-28T18:57:54","message":"Login erfolgreich. Session-ID: vtfhszvpfh2llr61gqgis2x71443"}
{"level":"INFO","timestamp":"2025-05-28T18:57:54","message":"Rufe Upload-Token ab..."}
{"level":"ERROR","timestamp":"2025-05-28T18:57:54","message":"Token-Abruf fehlgeschlagen: You cannot call a method on a null-valued expression."}
{"level":"INFO","message":"Starting login for user 'DKBEY002'...","timestamp":"2025-05-30T08:10:48"}
{"level":"ERROR","message":"Login failed: \r\n405 Not Allowed\r\n\r\n405 Not Allowed\r\nnginx\r\n\r\n\r\n","timestamp":"2025-05-30T08:10:49"}
{"level":"INFO","message":"Starting login for user 'DKBEY002'...","timestamp":"2025-05-30T08:11:23"}
{"level":"ERROR","message":"Login failed: \r\n405 Not Allowed\r\n\r\n405 Not Allowed\r\nnginx\r\n\r\n\r\n","timestamp":"2025-05-30T08:11:23"}
{"level":"INFO","message":"Starting login for user 'DKBEY002'...","timestamp":"2025-05-30T08:11:39"}
{"level":"ERROR","message":"Login failed: \r\n405 Not Allowed\r\n\r\n405 Not Allowed\r\nnginx\r\n\r\n\r\n","timestamp":"2025-05-30T08:11:39"}
{"level":"INFO","message":"Starting login for user 'DKBEY002'...","timestamp":"2025-05-30T08:12:02"}
{"level":"ERROR","message":"Login failed: \r\n405 Not Allowed\r\n\r\n405 Not Allowed\r\nnginx\r\n\r\n\r\n","timestamp":"2025-05-30T08:12:02"}
{"level":"INFO","message":"Starting login for user 'DKBEY002'...","timestamp":"2025-05-30T08:13:18"}
{"level":"ERROR","message":"Login failed: \r\n405 Not Allowed\r\n\r\n405 Not Allowed\r\nnginx\r\n\r\n\r\n","timestamp":"2025-05-30T08:13:19"}
{"level":"INFO","message":"Starting login for user 'DKBEY002'...","timestamp":"2025-05-30T08:14:06"}
{"level":"INFO","message":"Starting login for user 'DKBEY002'...","timestamp":"2025-05-30T08:19:22"}
{"level":"ERROR","message":"Login failed: \r\n405 Not Allowed\r\n\r\n405 Not Allowed\r\nnginx\r\n\r\n\r\n","timestamp":"2025-05-30T08:19:22"}
{"level":"INFO","message":"Starting login for user 'DKBEY002'...","timestamp":"2025-05-30T08:20:11"}
{"level":"ERROR","message":"Login failed: \r\n405 Not Allowed\r\n\r\n405 Not Allowed\r\nnginx\r\n\r\n\r\n","timestamp":"2025-05-30T08:20:52"}
{"level":"INFO","message":"Starting login for user 'DKBEY002'...","timestamp":"2025-05-30T08:20:59"}
{"level":"ERROR","message":"Login failed: \r\n405 Not Allowed\r\n\r\n405 Not Allowed\r\nnginx\r\n\r\n\r\n","timestamp":"2025-05-30T08:23:35"}
{"level":"INFO","message":"Starting login for user 'DKBEY002'...","timestamp":"2025-05-30T08:23:42"}
{"level":"ERROR","message":"Login failed: No sessionId in login response","timestamp":"2025-05-30T08:23:42"}
{"level":"INFO","message":"Starting login for user 'DKBEY002'...","timestamp":"2025-05-30T08:23:54"}
{"level":"INFO","message":"Login succeeded. Session-ID: 1nw1dn6e10fm21bghubbzc6jtc1841","timestamp":"2025-05-30T08:23:55"}
{"level":"INFO","message":"Requesting upload token...","timestamp":"2025-05-30T08:23:55"}
{"level":"ERROR","message":"Failed to get upload token: \r\n405 Not Allowed\r\n\r\n405 Not Allowed\r\nnginx\r\n\r\n\r\n","timestamp":"2025-05-30T08:23:55"}
{"level":"INFO","message":"Starting login for user 'DKBEY002'...","timestamp":"2025-05-30T08:24:05"}
{"level":"INFO","message":"Login succeeded. Session-ID: b8cy4jj28axk1hik5pb603xcg1729","timestamp":"2025-05-30T08:24:06"}
{"level":"INFO","message":"Requesting upload token...","timestamp":"2025-05-30T08:24:06"}
{"level":"ERROR","message":"Failed to get upload token: \r\n405 Not Allowed\r\n\r\n405 Not Allowed\r\nnginx\r\n\r\n\r\n","timestamp":"2025-05-30T08:24:06"}
{"level":"INFO","message":"Starting login for user 'DKBEY002'...","timestamp":"2025-05-30T08:24:30"}
{"level":"INFO","message":"Login succeeded. Session-ID: 1brgsl1pjbz0uzh0yzs9b0ig21769","timestamp":"2025-05-30T08:24:31"}
{"level":"INFO","message":"Requesting upload token...","timestamp":"2025-05-30T08:24:31"}
{"level":"INFO","message":"Upload token received: d03ab29c-34d9-4f73-872d-c7328f3a166b","timestamp":"2025-05-30T08:24:31"}
{"level":"INFO","message":"Preparing to upload 'idgard_test_file.txt' (10 bytes)...","timestamp":"2025-05-30T08:24:31"}
{"level":"ERROR","message":"Upload error: \r\n405 Not Allowed\r\n\r\n405 Not Allowed\r\nnginx\r\n\r\n\r\n","timestamp":"2025-05-30T08:24:31"}
{"level":"INFO","message":"Starting login for user 'DKBEY002'...","timestamp":"2025-05-30T08:25:12"}
{"level":"INFO","message":"Login succeeded. Session-ID: l8ugu6h0p9m91dkn97js0x99v1753","timestamp":"2025-05-30T08:25:13"}
{"level":"INFO","message":"Requesting upload token...","timestamp":"2025-05-30T08:25:13"}
{"level":"INFO","message":"Upload token received: 6a5a4059-4b24-4bed-ba90-4ea10a9d3162","timestamp":"2025-05-30T08:25:13"}
{"level":"INFO","message":"Preparing to upload 'idgard_test_file.txt' (10 bytes)...","timestamp":"2025-05-30T08:25:13"}
{"level":"INFO","message":"File upload succeeded: idgard_test_file.txt","timestamp":"2025-05-30T08:25:14"}
{"level":"INFO","message":"Starting login for user 'DKBEY002'...","timestamp":"2025-05-30T09:21:37"}
{"level":"ERROR","message":"Login failed: No sessionId in login response","timestamp":"2025-05-30T09:21:37"}
{"level":"INFO","message":"Starting login for user 'DKBEY002'...","timestamp":"2025-05-30T09:21:51"}
{"level":"ERROR","message":"Login failed: No sessionId in login response","timestamp":"2025-05-30T09:21:52"}
{"level":"INFO","message":"Starting login for user 'DKBEY002'...","timestamp":"2025-05-30T09:22:08"}
{"level":"INFO","message":"Login succeeded. Session-ID: j3b7vjwjag0zvfwuijb5txoi1755","timestamp":"2025-05-30T09:22:09"}
{"level":"INFO","message":"Requesting upload token...","timestamp":"2025-05-30T09:22:09"}
{"level":"INFO","message":"Upload token received: b0266222-98f5-4d07-82d4-0c2d6af2cd25","timestamp":"2025-05-30T09:22:09"}
{"level":"INFO","message":"Preparing to upload 'idgard_test_file.txt' (10 bytes)...","timestamp":"2025-05-30T09:22:09"}
{"level":"INFO","message":"File upload succeeded: idgard_test_file.txt","timestamp":"2025-05-30T09:22:10"}
{"level":"INFO","message":"Starting login for user 'DKBEY002'...","timestamp":"2025-05-30T09:25:27"}
{"level":"ERROR","message":"Login failed: No sessionId in login response","timestamp":"2025-05-30T09:25:27"}
{"message":"Starting login for user 'DKBEY002'...","level":"INFO","timestamp":"2025-05-30T10:33:08"}
{"message":"Login succeeded. Session-ID: 18zwam6yhxlr91tiacp6efz7as1674","level":"INFO","timestamp":"2025-05-30T10:33:08"}
{"message":"Requesting upload token...","level":"INFO","timestamp":"2025-05-30T10:33:08"}
{"message":"Upload token received: b562ad6a-a2d2-44dc-97c9-dbbd229778e7","level":"INFO","timestamp":"2025-05-30T10:33:08"}
{"message":"Preparing to upload 'idgard_test_file.txt' (10 bytes)...","level":"INFO","timestamp":"2025-05-30T10:33:08"}
{"message":"File upload succeeded: idgard_test_file.txt","level":"INFO","timestamp":"2025-05-30T10:33:09"}
{"message":"Script completed successfully.","level":"INFO","timestamp":"2025-05-30T10:33:09"}
2025-05-30T10:44:19 [INFO] Attempt #1 of 3 starting...
{"message":"Starting login for user 'DKBEY002'...","level":"INFO","timestamp":"2025-05-30T10:44:19"}
{"message":"Login succeeded. Session-ID: z1bpulu1fcqn33w1oic4zy1n1862","level":"INFO","timestamp":"2025-05-30T10:44:20"}
{"message":"Requesting upload token...","level":"INFO","timestamp":"2025-05-30T10:44:20"}
{"message":"Upload token received: eac5c184-ffee-4898-b565-491662144d1e","level":"INFO","timestamp":"2025-05-30T10:44:20"}
{"message":"Preparing to upload 'idgard_test_file.txt' (10 bytes)...","level":"INFO","timestamp":"2025-05-30T10:44:20"}
{"message":"File upload succeeded: idgard_test_file.txt","level":"INFO","timestamp":"2025-05-30T10:44:20"}
{"message":"Script completed successfully.","level":"INFO","timestamp":"2025-05-30T10:44:20"}
2025-05-30T10:44:20 [WARN] Main script failed with exit code 
2025-05-30T10:44:20 [INFO] Waiting 10 seconds before next attempt...
2025-05-30T10:44:30 [INFO] Attempt #2 of 3 starting...
{"message":"Starting login for user 'DKBEY002'...","level":"INFO","timestamp":"2025-05-30T10:44:30"}
{"message":"Login succeeded. Session-ID: 15du96mf8gu9x15hvwoppqbes51928","level":"INFO","timestamp":"2025-05-30T10:44:31"}
{"message":"Requesting upload token...","level":"INFO","timestamp":"2025-05-30T10:44:31"}
{"message":"Upload token received: 003c154f-f098-4b37-bde4-d1904812944e","level":"INFO","timestamp":"2025-05-30T10:44:32"}
{"message":"Preparing to upload 'idgard_test_file.txt' (10 bytes)...","level":"INFO","timestamp":"2025-05-30T10:44:32"}
{"message":"File upload succeeded: idgard_test_file.txt","level":"INFO","timestamp":"2025-05-30T10:44:32"}
{"message":"Script completed successfully.","level":"INFO","timestamp":"2025-05-30T10:44:32"}
2025-05-30T10:44:32 [WARN] Main script failed with exit code 
2025-05-30T10:44:32 [INFO] Waiting 10 seconds before next attempt...
2025-05-30T10:44:42 [INFO] Attempt #3 of 3 starting...
{"message":"Starting login for user 'DKBEY002'...","level":"INFO","timestamp":"2025-05-30T10:44:42"}
{"message":"Login succeeded. Session-ID: ocgq35jvgl9w1l58e9zc40sdp1682","level":"INFO","timestamp":"2025-05-30T10:44:43"}
{"message":"Requesting upload token...","level":"INFO","timestamp":"2025-05-30T10:44:43"}
{"message":"Upload token received: a736d7ac-7f9b-4dce-883b-5cb9ef6f8e60","level":"INFO","timestamp":"2025-05-30T10:44:43"}
{"message":"Preparing to upload 'idgard_test_file.txt' (10 bytes)...","level":"INFO","timestamp":"2025-05-30T10:44:43"}
{"message":"File upload succeeded: idgard_test_file.txt","level":"INFO","timestamp":"2025-05-30T10:44:43"}
{"message":"Script completed successfully.","level":"INFO","timestamp":"2025-05-30T10:44:44"}
2025-05-30T10:44:44 [WARN] Main script failed with exit code 
2025-05-30T10:44:44 [ERROR] All 3 attempts failed. Giving up.
2025-05-30T10:49:39 [INFO] Attempt #1 of 3 starting...
{"message":"Starting login for user 'DKBEY002'...","level":"INFO","timestamp":"2025-05-30T10:49:39"}
{"message":"Login succeeded. Session-ID: 1clvnnywnflnmtxw466nokk3a1825","level":"INFO","timestamp":"2025-05-30T10:49:40"}
{"message":"Requesting upload token...","level":"INFO","timestamp":"2025-05-30T10:49:40"}
{"message":"Upload token received: 45a7423c-7901-4cb1-8949-3b8553634189","level":"INFO","timestamp":"2025-05-30T10:49:40"}
{"message":"Preparing to upload 'idgard_test_file.txt' (10 bytes)...","level":"INFO","timestamp":"2025-05-30T10:49:40"}
{"message":"File upload succeeded: idgard_test_file.txt","level":"INFO","timestamp":"2025-05-30T10:49:40"}
{"message":"Script completed successfully.","level":"INFO","timestamp":"2025-05-30T10:49:40"}
2025-05-30T10:49:40 [INFO] Main script succeeded on attempt #1
2025-05-30T11:09:10 [INFO] Attempt #1 of 3 starting...
{"message":"Starting login for user 'DKBEY002'...","level":"INFO","timestamp":"2025-05-30T11:09:10"}
{"message":"Login succeeded. Session-ID: l3tvkeixu8ug1m2dow2y7d2h91909","level":"INFO","timestamp":"2025-05-30T11:09:11"}
{"message":"Requesting upload token...","level":"INFO","timestamp":"2025-05-30T11:09:12"}
{"message":"Upload token received: dea0b8cd-fad8-48b9-bf29-90137decfb93","level":"INFO","timestamp":"2025-05-30T11:09:12"}
{"message":"Preparing to upload 'idgard_test_file.txt' (10 bytes)...","level":"INFO","timestamp":"2025-05-30T11:09:12"}
{"message":"File upload succeeded: idgard_test_file.txt","level":"INFO","timestamp":"2025-05-30T11:09:13"}
{"message":"Script completed successfully.","level":"INFO","timestamp":"2025-05-30T11:09:13"}
2025-05-30T11:09:13 [INFO] Success on attempt #1
2025-05-30T12:59:50 [INFO] Attempt #1 of 3 starting...
{"message":"Starting login for user 'DKBEY002'...","level":"INFO","timestamp":"2025-05-30T12:59:51"}
{"message":"Login succeeded. Session-ID: o8chstiv1p491wswbvi1u2ve71927","level":"INFO","timestamp":"2025-05-30T12:59:51"}
{"message":"Requesting upload token...","level":"INFO","timestamp":"2025-05-30T12:59:51"}
{"message":"Upload token received: 27bb1f18-56b1-4c0f-bfe5-c9ac6762faf2","level":"INFO","timestamp":"2025-05-30T12:59:51"}
{"message":"Preparing to upload 'idgard_test_file.txt' (10 bytes)...","level":"INFO","timestamp":"2025-05-30T12:59:51"}
{"message":"File upload succeeded: idgard_test_file.txt","level":"INFO","timestamp":"2025-05-30T12:59:52"}
{"message":"Script completed successfully.","level":"INFO","timestamp":"2025-05-30T12:59:52"}
2025-05-30T12:59:52 [INFO] Success on attempt #1
2025-05-30T13:08:22 [INFO] === SCRIPT START ===
2025-05-30T13:08:22 [INFO] Attempt #1 of 3 starting...
2025-05-30T13:08:22 [ERROR] Exception running main script: At C:\Users\OliverDetjen\OneDrive - Uniscon GmbH\Upload-Idgard.ps1:81 char:44
+         Write-Log "Failed to get token for $fileName: $_" 'ERROR'
+                                            ~~~~~~~~~~
Variable reference is not valid. ':' was not followed by a valid variable name character. Consider using ${} to delimit the name.

At C:\Users\OliverDetjen\OneDrive - Uniscon GmbH\Upload-Idgard.ps1:108 char:36
+         Write-Log "Error uploading $fileName: $_" 'ERROR'
+                                    ~~~~~~~~~~
Variable reference is not valid. ':' was not followed by a valid variable name character. Consider using ${} to delimit the name.
2025-05-30T13:08:22 [ERROR] Unknown or fatal exit code 1. Aborting.
2025-05-30T13:09:02 [INFO] === SCRIPT START ===
2025-05-30T13:09:02 [INFO] Attempt #1 of 3 starting...
2025-05-30T13:09:02 [ERROR] Exception running main script: At C:\Users\OliverDetjen\OneDrive - Uniscon GmbH\Upload-Idgard.ps1:81 char:44
+         Write-Log "Failed to get token for $fileName: $_" 'ERROR'
+                                            ~~~~~~~~~~
Variable reference is not valid. ':' was not followed by a valid variable name character. Consider using ${} to delimit the name.

At C:\Users\OliverDetjen\OneDrive - Uniscon GmbH\Upload-Idgard.ps1:108 char:36
+         Write-Log "Error uploading $fileName: $_" 'ERROR'
+                                    ~~~~~~~~~~
Variable reference is not valid. ':' was not followed by a valid variable name character. Consider using ${} to delimit the name.
2025-05-30T13:09:02 [ERROR] Unknown or fatal exit code 1. Aborting.
{"message":"Created processed-folder: C:\\Users\\OliverDetjen\\Downloads\\Uploads\\uploaded","level":"INFO","timestamp":"2025-05-30T13:12:03"}
{"message":"Starting login for user 'DKBEY002'...","level":"INFO","timestamp":"2025-05-30T13:12:03"}
{"message":"Login succeeded. Session-ID: tsu2f8uh0y5mj9xshi9k1dv91908","level":"INFO","timestamp":"2025-05-30T13:12:04"}
{"message":"---- Processing file: test.txt (13 bytes) ----","level":"INFO","timestamp":"2025-05-30T13:12:04"}
{"message":"Upload token: cfbfa001-f7f3-4007-9688-8920ff5dba84","level":"INFO","timestamp":"2025-05-30T13:12:04"}
{"message":"Upload succeeded: test.txt","level":"INFO","timestamp":"2025-05-30T13:12:05"}
{"message":"Moved test.txt → C:\\Users\\OliverDetjen\\Downloads\\Uploads\\uploaded","level":"INFO","timestamp":"2025-05-30T13:12:05"}
{"message":"=== SCRIPT END ===","level":"INFO","timestamp":"2025-05-30T13:12:05"}
{"message":"Starting login for user 'DKBEY002'...","level":"INFO","timestamp":"2025-05-30T13:13:00"}
{"message":"Login succeeded. Session-ID: 1h1r52fdcjfuy5340h8twzuk81902","level":"INFO","timestamp":"2025-05-30T13:13:00"}
{"message":"---- Processing file: test1 - Kopie (2).txt (13 bytes) ----","level":"INFO","timestamp":"2025-05-30T13:13:01"}
{"message":"Upload token: dc0cfe7c-0139-4bd4-bbef-d0effffb19db","level":"INFO","timestamp":"2025-05-30T13:13:01"}
{"message":"Upload succeeded: test1 - Kopie (2).txt","level":"INFO","timestamp":"2025-05-30T13:13:02"}
{"message":"Moved test1 - Kopie (2).txt → C:\\Users\\OliverDetjen\\Downloads\\Uploads\\uploaded","level":"INFO","timestamp":"2025-05-30T13:13:02"}
{"message":"---- Processing file: test1 - Kopie (3).txt (13 bytes) ----","level":"INFO","timestamp":"2025-05-30T13:13:02"}
{"message":"Upload token: 6d0c4bea-8d49-4cdf-a08a-bee848d0c66e","level":"INFO","timestamp":"2025-05-30T13:13:02"}
{"message":"Upload succeeded: test1 - Kopie (3).txt","level":"INFO","timestamp":"2025-05-30T13:13:02"}
{"message":"Moved test1 - Kopie (3).txt → C:\\Users\\OliverDetjen\\Downloads\\Uploads\\uploaded","level":"INFO","timestamp":"2025-05-30T13:13:02"}
{"message":"---- Processing file: test1 - Kopie.txt (13 bytes) ----","level":"INFO","timestamp":"2025-05-30T13:13:02"}
{"message":"Upload token: 62c7aec4-2ea4-43b7-970a-9dd5f5ae6196","level":"INFO","timestamp":"2025-05-30T13:13:02"}
{"message":"Upload succeeded: test1 - Kopie.txt","level":"INFO","timestamp":"2025-05-30T13:13:02"}
{"message":"Moved test1 - Kopie.txt → C:\\Users\\OliverDetjen\\Downloads\\Uploads\\uploaded","level":"INFO","timestamp":"2025-05-30T13:13:02"}
{"message":"---- Processing file: test1.txt (13 bytes) ----","level":"INFO","timestamp":"2025-05-30T13:13:02"}
{"message":"Upload token: 92581c6d-5d5e-4055-b497-6b00acdee891","level":"INFO","timestamp":"2025-05-30T13:13:02"}
{"message":"Upload succeeded: test1.txt","level":"INFO","timestamp":"2025-05-30T13:13:03"}
{"message":"Moved test1.txt → C:\\Users\\OliverDetjen\\Downloads\\Uploads\\uploaded","level":"INFO","timestamp":"2025-05-30T13:13:03"}
{"message":"=== SCRIPT END ===","level":"INFO","timestamp":"2025-05-30T13:13:03"}
2025-05-30T13:14:38 [INFO] === SCRIPT START ===
2025-05-30T13:14:38 [INFO] Attempt #1 of 3 starting...
{"message":"No files found in C:\\Users\\OliverDetjen\\Downloads\\Uploads, nothing to do.","level":"INFO","timestamp":"2025-05-30T13:14:38"}
2025-05-30T13:14:38 [INFO] Success on attempt #1
2025-05-30T13:15:04 [INFO] === SCRIPT START ===
2025-05-30T13:15:04 [INFO] Attempt #1 of 3 starting...
{"message":"Starting login for user 'DKBEY002'...","level":"INFO","timestamp":"2025-05-30T13:15:04"}
{"message":"Login succeeded. Session-ID: t8brwfb6gs3c12n1k3xnsjl7d1985","level":"INFO","timestamp":"2025-05-30T13:15:05"}
{"message":"---- Processing file: test.txt (13 bytes) ----","level":"INFO","timestamp":"2025-05-30T13:15:05"}
{"message":"Upload token: 0f5d7034-8af7-4ef3-9928-23d6aae35787","level":"INFO","timestamp":"2025-05-30T13:15:05"}
{"message":"Upload succeeded: test.txt","level":"INFO","timestamp":"2025-05-30T13:15:05"}
{"message":"Moved test.txt → C:\\Users\\OliverDetjen\\Downloads\\Uploads\\uploaded","level":"INFO","timestamp":"2025-05-30T13:15:05"}
{"message":"---- Processing file: test1 - Kopie (2).txt (13 bytes) ----","level":"INFO","timestamp":"2025-05-30T13:15:05"}
{"message":"Upload token: 1754b04d-1d65-4fa5-be86-bfc7c3f8eaa3","level":"INFO","timestamp":"2025-05-30T13:15:05"}
{"message":"Upload succeeded: test1 - Kopie (2).txt","level":"INFO","timestamp":"2025-05-30T13:15:05"}
{"message":"Moved test1 - Kopie (2).txt → C:\\Users\\OliverDetjen\\Downloads\\Uploads\\uploaded","level":"INFO","timestamp":"2025-05-30T13:15:06"}
{"message":"---- Processing file: test1 - Kopie (3).txt (13 bytes) ----","level":"INFO","timestamp":"2025-05-30T13:15:06"}
{"message":"Upload token: 0a93aaf5-a906-4c45-b32c-f1dfbc3f2f86","level":"INFO","timestamp":"2025-05-30T13:15:06"}
{"message":"Upload succeeded: test1 - Kopie (3).txt","level":"INFO","timestamp":"2025-05-30T13:15:06"}
{"message":"Moved test1 - Kopie (3).txt → C:\\Users\\OliverDetjen\\Downloads\\Uploads\\uploaded","level":"INFO","timestamp":"2025-05-30T13:15:06"}
{"message":"---- Processing file: test1 - Kopie.txt (13 bytes) ----","level":"INFO","timestamp":"2025-05-30T13:15:06"}
{"message":"Upload token: 54549ee9-22fd-4df2-a818-a352b67e1173","level":"INFO","timestamp":"2025-05-30T13:15:06"}
{"message":"Upload succeeded: test1 - Kopie.txt","level":"INFO","timestamp":"2025-05-30T13:15:07"}
{"message":"Moved test1 - Kopie.txt → C:\\Users\\OliverDetjen\\Downloads\\Uploads\\uploaded","level":"INFO","timestamp":"2025-05-30T13:15:07"}
{"message":"---- Processing file: test1.txt (13 bytes) ----","level":"INFO","timestamp":"2025-05-30T13:15:07"}
{"message":"Upload token: 230a9254-7d24-44ac-9a48-ede1ca231609","level":"INFO","timestamp":"2025-05-30T13:15:07"}
{"message":"Upload succeeded: test1.txt","level":"INFO","timestamp":"2025-05-30T13:15:08"}
{"message":"Moved test1.txt → C:\\Users\\OliverDetjen\\Downloads\\Uploads\\uploaded","level":"INFO","timestamp":"2025-05-30T13:15:08"}
{"message":"=== SCRIPT END ===","level":"INFO","timestamp":"2025-05-30T13:15:08"}
2025-05-30T13:15:08 [INFO] Success on attempt #1
2025-05-30T13:15:44 [INFO] === SCRIPT START ===
2025-05-30T13:15:44 [INFO] Attempt #1 of 3 starting...
{"message":"Starting login for user 'DKBEY002'...","level":"INFO","timestamp":"2025-05-30T13:15:44"}
{"message":"Login succeeded. Session-ID: 1htayvauw1t6w1ll7evg8uxmlr1986","level":"INFO","timestamp":"2025-05-30T13:15:44"}
{"message":"---- Processing file: fgdsf - Kopie (2).txt (0 bytes) ----","level":"INFO","timestamp":"2025-05-30T13:15:44"}
{"message":"Upload token: 3e3f46e7-45a6-4c63-af56-c46c082b7f74","level":"INFO","timestamp":"2025-05-30T13:15:44"}
{"message":"Upload succeeded: fgdsf - Kopie (2).txt","level":"INFO","timestamp":"2025-05-30T13:15:45"}
{"message":"Moved fgdsf - Kopie (2).txt → C:\\Users\\OliverDetjen\\Downloads\\Uploads\\uploaded","level":"INFO","timestamp":"2025-05-30T13:15:45"}
{"message":"---- Processing file: fgdsf - Kopie.txt (0 bytes) ----","level":"INFO","timestamp":"2025-05-30T13:15:45"}
{"message":"Upload token: 5eab139c-499b-47c1-9943-788c3c0fcce1","level":"INFO","timestamp":"2025-05-30T13:15:46"}
{"message":"Upload succeeded: fgdsf - Kopie.txt","level":"INFO","timestamp":"2025-05-30T13:15:46"}
{"message":"Moved fgdsf - Kopie.txt → C:\\Users\\OliverDetjen\\Downloads\\Uploads\\uploaded","level":"INFO","timestamp":"2025-05-30T13:15:46"}
{"message":"---- Processing file: fgdsf.txt (0 bytes) ----","level":"INFO","timestamp":"2025-05-30T13:15:47"}
{"message":"Upload token: 62d0e715-b43f-4a84-86d3-830f20a25583","level":"INFO","timestamp":"2025-05-30T13:15:47"}
{"message":"Upload succeeded: fgdsf.txt","level":"INFO","timestamp":"2025-05-30T13:15:47"}
{"message":"Moved fgdsf.txt → C:\\Users\\OliverDetjen\\Downloads\\Uploads\\uploaded","level":"INFO","timestamp":"2025-05-30T13:15:47"}
{"message":"=== SCRIPT END ===","level":"INFO","timestamp":"2025-05-30T13:15:47"}
2025-05-30T13:15:47 [INFO] Success on attempt #1
2025-05-30T13:39:28 [INFO] Retrieved credential for user 'DKBEY002'.
2025-05-30T13:39:28 [INFO] Attempt #1 of 3...
2025-05-30T13:39:28 [ERROR] Exception running main script: A parameter cannot be found that matches parameter name 'Password'.
2025-05-30T13:39:28 [WARN] Transient or unknown error (code 1). Will retry if attempts remain.
2025-05-30T13:39:28 [INFO] Waiting 10 seconds before next attempt...
2025-05-30T13:39:38 [INFO] Attempt #2 of 3...
2025-05-30T13:39:38 [ERROR] Exception running main script: A parameter cannot be found that matches parameter name 'Password'.
2025-05-30T13:39:38 [WARN] Transient or unknown error (code 1). Will retry if attempts remain.
2025-05-30T13:39:38 [INFO] Waiting 10 seconds before next attempt...
2025-05-30T13:39:48 [INFO] Attempt #3 of 3...
2025-05-30T13:39:48 [ERROR] Exception running main script: A parameter cannot be found that matches parameter name 'Password'.
2025-05-30T13:39:48 [WARN] Transient or unknown error (code 1). Will retry if attempts remain.
2025-05-30T13:39:48 [ERROR] All 3 attempts failed. Exiting with code 1.
2025-05-30T13:42:04 [INFO] Retrieved credential for user 'DKBEY002'.
2025-05-30T13:42:04 [INFO] Attempt #1 of 3...
{"timestamp":"2025-05-30T13:42:04","message":"No files to upload in C:\\Users\\OliverDetjen\\Downloads\\Uploads","level":"INFO"}
2025-05-30T13:42:04 [INFO] Success on attempt #1
2025-05-30T13:42:25 [INFO] Retrieved credential for user 'DKBEY002'.
2025-05-30T13:42:25 [INFO] Attempt #1 of 3...
{"timestamp":"2025-05-30T13:42:26","message":"Logging in as 'DKBEY002'...","level":"INFO"}
{"timestamp":"2025-05-30T13:42:27","message":"Login error: Login failed: no sessionId.","level":"ERROR"}
2025-05-30T13:42:27 [ERROR] Fatal error: login error in main script (code 3). Aborting.
2025-05-30T13:42:58 [INFO] Retrieved credential for user 'DKBEY002'.
2025-05-30T13:42:58 [INFO] Attempt #1 of 3...
{"timestamp":"2025-05-30T13:42:58","message":"Logging in as 'DKBEY002'...","level":"INFO"}
{"timestamp":"2025-05-30T13:42:59","message":"Login error: Login failed: no sessionId.","level":"ERROR"}
2025-05-30T13:42:59 [ERROR] Fatal error: login error in main script (code 3). Aborting.
2025-05-30T13:43:15 [INFO] Retrieved credential for user 'DKBEY002'.
2025-05-30T13:43:15 [INFO] Attempt #1 of 3...
{"timestamp":"2025-05-30T13:43:15","message":"Logging in as 'DKBEY002'...","level":"INFO"}
{"timestamp":"2025-05-30T13:43:16","message":"Login error: Login failed: no sessionId.","level":"ERROR"}
2025-05-30T13:43:16 [ERROR] Fatal error: login error in main script (code 3). Aborting.
2025-05-30T13:46:49 [INFO] Retrieved credential for user 'DKBEY002'.
2025-05-30T13:46:49 [INFO] Attempt #1 of 3...
{"level":"INFO","timestamp":"2025-05-30T13:46:50","message":"Logging in as 'DKBEY002'..."}
{"level":"ERROR","timestamp":"2025-05-30T13:46:50","message":"Login error: Login failed: no sessionId."}
2025-05-30T13:46:51 [ERROR] Fatal error: login error in main script (code 3). Aborting.
{"level":"INFO","timestamp":"2025-05-30T13:47:34","message":"Logging in as 'DKBEY002'..."}
2025-05-30T13:49:11 [INFO] Retrieved credential for user 'DKBEY002'.
2025-05-30T13:49:11 [INFO] Attempt #1 of 3...
{"level":"INFO","timestamp":"2025-05-30T13:49:11","message":"Logging in as 'DKBEY002'..."}
{"level":"ERROR","timestamp":"2025-05-30T13:49:11","message":"Login error: \r\n{\r\n  \"error\": \"Internal Server Error\",\r\n  \"payload\": \"We\\u0027re sorry, but an internal error has occurred. Please try again. If the issue persists, contact our support team for assistance.\"\r\n}"}
2025-05-30T13:49:11 [ERROR] Fatal error: login error in main script (code 3). Aborting.
2025-05-30T13:49:44 [INFO] Retrieved credential for user 'DKBEY002'.
2025-05-30T13:49:44 [INFO] Attempt #1 of 3...
{"level":"INFO","timestamp":"2025-05-30T13:49:44","message":"Logging in as 'DKBEY002'..."}
{"level":"ERROR","timestamp":"2025-05-30T13:49:44","message":"Login error: \r\n{\r\n  \"error\": \"Internal Server Error\",\r\n  \"payload\": \"We\\u0027re sorry, but an internal error has occurred. Please try again. If the issue persists, contact our support team for assistance.\"\r\n}"}
2025-05-30T13:49:44 [ERROR] Fatal error: login error in main script (code 3). Aborting.
2025-05-30T13:51:06 [INFO] Attempt #1 of 3...
2025-05-30T13:51:07 [INFO] Retrieved credential for user 'DKBEY002'.
{"level":"INFO","timestamp":"2025-05-30T13:51:07","message":"Logging in as 'DKBEY002'..."}
{"level":"ERROR","timestamp":"2025-05-30T13:51:07","message":"Login error: \r\n{\r\n  \"error\": \"Internal Server Error\",\r\n  \"payload\": \"We\\u0027re sorry, but an internal error has occurred. Please try again. If the issue persists, contact our support team for assistance.\"\r\n}"}
2025-05-30T13:51:07 [ERROR] Fatal error: login error in main script (code 3). Aborting.
2025-05-30T13:51:30 [INFO] Retrieved credential for user 'DKBEY002'.
{"level":"INFO","timestamp":"2025-05-30T13:51:30","message":"Logging in as 'DKBEY002'..."}
{"level":"ERROR","timestamp":"2025-05-30T13:51:30","message":"Login error: \r\n{\r\n  \"error\": \"Internal Server Error\",\r\n  \"payload\": \"We\\u0027re sorry, but an internal error has occurred. Please try again. If the issue persists, contact our support team for assistance.\"\r\n}"}
2025-05-30T13:58:35 [INFO] Attempt #1 of 3...
{"level":"INFO","timestamp":"2025-05-30T13:58:35","message":"Retrieved credential for user 'DKBEY002'."}
{"level":"INFO","timestamp":"2025-05-30T13:58:35","message":"Logging in as 'DKBEY002'..."}
{"level":"ERROR","timestamp":"2025-05-30T13:58:36","message":"Login error: Login failed: no sessionId."}
2025-05-30T13:58:36 [ERROR] Fatal error: login error in main script (code 3). Aborting.
{"level":"INFO","timestamp":"2025-05-30T13:59:04","message":"Retrieved credential for user 'DKBEY002'."}
{"level":"ERROR","timestamp":"2025-05-30T13:59:04","message":"Input folder not found: <#"}
{"level":"INFO","timestamp":"2025-05-30T13:59:05","message":"Created subfolder for processed files: <#\\uploaded"}
{"level":"INFO","timestamp":"2025-05-30T13:59:06","message":"No files to upload in <#"}
{"level":"INFO","timestamp":"2025-05-30T13:59:06","message":"Logging in as 'DKBEY002'..."}
{"level":"ERROR","timestamp":"2025-05-30T13:59:07","message":"Login error: Login failed: no sessionId."}
{"level":"INFO","timestamp":"2025-05-30T13:59:07","message":"=== SCRIPT END ==="}
2025-05-30T13:59:13 [INFO] Attempt #1 of 3...
{"level":"INFO","timestamp":"2025-05-30T13:59:13","message":"Retrieved credential for user 'DKBEY002'."}
{"level":"INFO","timestamp":"2025-05-30T13:59:13","message":"Logging in as 'DKBEY002'..."}
{"level":"ERROR","timestamp":"2025-05-30T13:59:14","message":"Login error: Login failed: no sessionId."}
2025-05-30T13:59:14 [ERROR] Fatal error: login error in main script (code 3). Aborting.
{"level":"INFO","timestamp":"2025-05-30T13:59:47","message":"Retrieved credential for user 'DKBEY002'."}
{"level":"INFO","timestamp":"2025-05-30T13:59:47","message":"Logging in as 'DKBEY002'..."}
{"level":"INFO","timestamp":"2025-05-30T14:00:50","message":"Retrieved credential for user 'DKBEY002'."}
{"level":"INFO","timestamp":"2025-05-30T14:00:50","message":"Logging in as 'DKBEY002'..."}
{"level":"ERROR","timestamp":"2025-05-30T14:00:51","message":"Login error: Login failed: no sessionId."}
2025-05-30T14:07:22 [INFO] Attempt #1 of 3...
{"level":"INFO","timestamp":"2025-05-30T14:07:22","message":"Retrieved credential for user 'DKBEY002'. (Password length: 28 chars)"}
{"level":"INFO","timestamp":"2025-05-30T14:07:22","message":"Logging in as 'DKBEY002'..."}
{"level":"ERROR","timestamp":"2025-05-30T14:07:23","message":"Login error: Login failed: no sessionId."}
2025-05-30T14:07:23 [ERROR] Fatal error: login error in main script (code 3). Aborting.
{"level":"INFO","timestamp":"2025-05-30T14:08:03","message":"Retrieved credential for user 'DKBEY002'. (Password length: 28 chars)"}
{"level":"INFO","timestamp":"2025-05-30T14:08:03","message":"Logging in as 'DKBEY002'..."}
{"level":"ERROR","timestamp":"2025-05-30T14:08:43","message":"Login error: Login failed: no sessionId."}
{"level":"INFO","timestamp":"2025-05-30T14:08:53","message":"Retrieved credential for user 'DKBEY002'. (Password length: 28 chars)"}
{"level":"INFO","timestamp":"2025-05-30T14:08:53","message":"Logging in as 'DKBEY002'..."}
{"level":"INFO","timestamp":"2025-05-30T14:14:04","message":"Retrieved credential for user 'DKBEY002'. (Password length: 28 chars)"}
{"level":"INFO","timestamp":"2025-05-30T14:14:04","message":"Logging in as 'DKBEY002'..."}
2025-05-30T14:14:30 [INFO] Attempt #1 of 3...
{"level":"INFO","timestamp":"2025-05-30T14:14:30","message":"Retrieved credential for user 'DKBEY002'. (Password length: 28 chars)"}
{"level":"INFO","timestamp":"2025-05-30T14:14:30","message":"Logging in as 'DKBEY002'..."}
{"level":"ERROR","timestamp":"2025-05-30T14:14:30","message":"Login error: Login failed: no sessionId."}
2025-05-30T14:14:31 [ERROR] Fatal error: login error in main script (code 3). Aborting.
{"level":"INFO","timestamp":"2025-05-30T14:14:55","message":"Retrieved credential for user 'DKBEY002'. (Password length: 28 chars)"}
{"level":"INFO","timestamp":"2025-05-30T14:14:55","message":"Logging in as 'DKBEY002'..."}
{"level":"ERROR","timestamp":"2025-05-30T14:21:26","message":"Login error: Login failed: no sessionId."}
{"level":"INFO","timestamp":"2025-05-30T14:27:38","message":"Retrieved credential for user 'DKBEY002'. (Password length: 28 chars)"}
{"level":"INFO","timestamp":"2025-05-30T14:27:38","message":"Logging in as 'DKBEY002'..."}
2025-05-30T14:37:25 [INFO] Attempt #1 of 3...
2025-05-30T14:37:26 [INFO] Retrieved credential for user 'DKBEY002'.
2025-05-30T14:37:26 [INFO] Attempt #1 of 3...
2025-05-30T14:37:26 [INFO] Retrieved credential for user 'DKBEY002'.
2025-05-30T14:37:26 [INFO] Attempt #1 of 3...
2025-05-30T14:37:26 [INFO] Retrieved credential for user 'DKBEY002'.
2025-05-30T14:37:26 [INFO] Attempt #1 of 3...
2025-05-30T14:37:26 [INFO] Retrieved credential for user 'DKBEY002'.
2025-05-30T14:37:26 [INFO] Attempt #1 of 3...
2025-05-30T14:37:26 [INFO] Retrieved credential for user 'DKBEY002'.
2025-05-30T14:37:26 [INFO] Attempt #1 of 3...
2025-05-30T14:37:26 [INFO] Retrieved credential for user 'DKBEY002'.
2025-05-30T14:37:26 [INFO] Attempt #1 of 3...
2025-05-30T14:37:26 [INFO] Retrieved credential for user 'DKBEY002'.
2025-05-30T14:37:26 [INFO] Attempt #1 of 3...
2025-05-30T14:37:27 [INFO] Retrieved credential for user 'DKBEY002'.
2025-05-30T14:37:27 [INFO] Attempt #1 of 3...
2025-05-30T14:37:27 [INFO] Retrieved credential for user 'DKBEY002'.
2025-05-30T14:37:27 [INFO] Attempt #1 of 3...
2025-05-30T14:37:27 [INFO] Retrieved credential for user 'DKBEY002'.
2025-05-30T14:37:27 [INFO] Attempt #1 of 3...
2025-05-30T14:37:27 [INFO] Retrieved credential for user 'DKBEY002'.
2025-05-30T14:37:27 [INFO] Attempt #1 of 3...
2025-05-30T14:37:27 [INFO] Retrieved credential for user 'DKBEY002'.
2025-05-30T14:37:28 [INFO] Attempt #1 of 3...
2025-05-30T14:37:28 [INFO] Retrieved credential for user 'DKBEY002'.
2025-05-30T14:37:28 [INFO] Attempt #1 of 3...
2025-05-30T14:37:28 [INFO] Retrieved credential for user 'DKBEY002'.
2025-05-30T14:37:28 [INFO] Attempt #1 of 3...
2025-05-30T14:37:28 [INFO] Retrieved credential for user 'DKBEY002'.
2025-05-30T14:37:28 [INFO] Attempt #1 of 3...
2025-05-30T14:37:28 [INFO] Retrieved credential for user 'DKBEY002'.
2025-05-30T14:37:28 [INFO] Attempt #1 of 3...
2025-05-30T14:37:28 [INFO] Retrieved credential for user 'DKBEY002'.
2025-05-30T14:37:28 [INFO] Attempt #1 of 3...
2025-05-30T14:37:28 [INFO] Retrieved credential for user 'DKBEY002'.
2025-05-30T14:37:28 [INFO] Attempt #1 of 3...
2025-05-30T14:37:28 [INFO] Retrieved credential for user 'DKBEY002'.
2025-05-30T14:37:28 [INFO] Attempt #1 of 3...
2025-05-30T14:37:28 [INFO] Retrieved credential for user 'DKBEY002'.
2025-05-30T14:37:28 [INFO] Attempt #1 of 3...
2025-05-30T14:37:28 [INFO] Retrieved credential for user 'DKBEY002'.
2025-05-30T14:37:28 [INFO] Attempt #1 of 3...
2025-05-30T14:37:28 [INFO] Retrieved credential for user 'DKBEY002'.
2025-05-30T14:37:28 [INFO] Attempt #1 of 3...
2025-05-30T14:37:28 [INFO] Retrieved credential for user 'DKBEY002'.
2025-05-30T14:37:28 [INFO] Attempt #1 of 3...
2025-05-30T14:37:28 [INFO] Retrieved credential for user 'DKBEY002'.
2025-05-30T14:37:28 [INFO] Attempt #1 of 3...
2025-05-30T14:37:29 [INFO] Retrieved credential for user 'DKBEY002'.
2025-05-30T14:37:29 [INFO] Attempt #1 of 3...
2025-05-30T14:37:29 [INFO] Retrieved credential for user 'DKBEY002'.
2025-05-30T14:37:29 [INFO] Attempt #1 of 3...
2025-05-30T14:37:29 [INFO] Retrieved credential for user 'DKBEY002'.
2025-05-30T14:37:29 [INFO] Attempt #1 of 3...
2025-05-30T14:37:29 [INFO] Retrieved credential for user 'DKBEY002'.
2025-05-30T14:37:29 [INFO] Attempt #1 of 3...
2025-05-30T14:37:29 [INFO] Retrieved credential for user 'DKBEY002'.
2025-05-30T14:37:29 [INFO] Attempt #1 of 3...
2025-05-30T14:37:29 [INFO] Retrieved credential for user 'DKBEY002'.
2025-05-30T14:37:29 [INFO] Attempt #1 of 3...
2025-05-30T14:37:29 [INFO] Retrieved credential for user 'DKBEY002'.
2025-05-30T14:37:29 [INFO] Attempt #1 of 3...
2025-05-30T14:37:29 [INFO] Retrieved credential for user 'DKBEY002'.
2025-05-30T14:37:29 [INFO] Attempt #1 of 3...
2025-05-30T14:37:29 [INFO] Retrieved credential for user 'DKBEY002'.
2025-05-30T14:37:29 [INFO] Attempt #1 of 3...
2025-05-30T14:37:29 [INFO] Retrieved credential for user 'DKBEY002'.
2025-05-30T14:37:29 [INFO] Attempt #1 of 3...
2025-05-30T14:37:29 [INFO] Retrieved credential for user 'DKBEY002'.
2025-05-30T14:37:29 [INFO] Attempt #1 of 3...
2025-05-30T14:37:29 [INFO] Retrieved credential for user 'DKBEY002'.
2025-05-30T14:37:29 [INFO] Attempt #1 of 3...
2025-05-30T14:37:29 [INFO] Retrieved credential for user 'DKBEY002'.
2025-05-30T14:37:29 [INFO] Attempt #1 of 3...
2025-05-30T14:37:29 [INFO] Retrieved credential for user 'DKBEY002'.
2025-05-30T14:37:29 [INFO] Attempt #1 of 3...
2025-05-30T14:37:29 [INFO] Retrieved credential for user 'DKBEY002'.
2025-05-30T14:37:29 [INFO] Attempt #1 of 3...
2025-05-30T14:37:29 [INFO] Retrieved credential for user 'DKBEY002'.
2025-05-30T14:37:29 [INFO] Attempt #1 of 3...
2025-05-30T14:37:30 [INFO] Retrieved credential for user 'DKBEY002'.
2025-05-30T14:37:30 [INFO] Attempt #1 of 3...
2025-05-30T14:37:30 [INFO] Retrieved credential for user 'DKBEY002'.
2025-05-30T14:37:30 [INFO] Attempt #1 of 3...
2025-05-30T14:37:30 [INFO] Retrieved credential for user 'DKBEY002'.
2025-05-30T14:37:30 [INFO] Attempt #1 of 3...
2025-05-30T14:37:30 [INFO] Retrieved credential for user 'DKBEY002'.
2025-05-30T14:37:30 [INFO] Attempt #1 of 3...
2025-05-30T14:37:30 [INFO] Retrieved credential for user 'DKBEY002'.
2025-05-30T14:37:30 [INFO] Attempt #1 of 3...
2025-05-30T14:37:30 [INFO] Retrieved credential for user 'DKBEY002'.
2025-05-30T14:37:30 [INFO] Attempt #1 of 3...
2025-05-30T14:37:30 [INFO] Retrieved credential for user 'DKBEY002'.
2025-05-30T14:37:30 [INFO] Attempt #1 of 3...
2025-05-30T14:37:30 [INFO] Retrieved credential for user 'DKBEY002'.
2025-05-30T14:37:30 [INFO] Attempt #1 of 3...
2025-05-30T14:37:30 [INFO] Retrieved credential for user 'DKBEY002'.
2025-05-30T14:37:30 [INFO] Attempt #1 of 3...
2025-05-30T14:37:30 [INFO] Retrieved credential for user 'DKBEY002'.
2025-05-30T14:37:30 [INFO] Attempt #1 of 3...
2025-05-30T14:37:30 [INFO] Retrieved credential for user 'DKBEY002'.
2025-05-30T14:37:30 [INFO] Attempt #1 of 3...
2025-05-30T14:37:30 [INFO] Retrieved credential for user 'DKBEY002'.
2025-05-30T14:37:30 [INFO] Attempt #1 of 3...
2025-05-30T14:37:30 [INFO] Retrieved credential for user 'DKBEY002'.
2025-05-30T14:37:30 [INFO] Attempt #1 of 3...
2025-05-30T14:37:30 [INFO] Retrieved credential for user 'DKBEY002'.
2025-05-30T14:37:30 [INFO] Attempt #1 of 3...
2025-05-30T14:37:31 [INFO] Retrieved credential for user 'DKBEY002'.
2025-05-30T14:37:31 [INFO] Attempt #1 of 3...
2025-05-30T14:37:31 [INFO] Retrieved credential for user 'DKBEY002'.
2025-05-30T14:37:31 [INFO] Attempt #1 of 3...
2025-05-30T14:37:31 [INFO] Retrieved credential for user 'DKBEY002'.
2025-05-30T14:37:31 [INFO] Attempt #1 of 3...
2025-05-30T14:37:31 [INFO] Retrieved credential for user 'DKBEY002'.
2025-05-30T14:37:31 [INFO] Attempt #1 of 3...
2025-05-30T14:37:32 [INFO] Retrieved credential for user 'DKBEY002'.
2025-05-30T14:37:32 [INFO] Attempt #1 of 3...
2025-05-30T14:37:32 [INFO] Retrieved credential for user 'DKBEY002'.
2025-05-30T14:37:32 [INFO] Attempt #1 of 3...
2025-05-30T14:37:32 [INFO] Retrieved credential for user 'DKBEY002'.
2025-05-30T14:37:32 [INFO] Attempt #1 of 3...
2025-05-30T14:37:32 [INFO] Retrieved credential for user 'DKBEY002'.
2025-05-30T14:37:32 [INFO] Attempt #1 of 3...
2025-05-30T14:37:32 [INFO] Retrieved credential for user 'DKBEY002'.
2025-05-30T14:37:32 [INFO] Attempt #1 of 3...
2025-05-30T14:37:32 [INFO] Retrieved credential for user 'DKBEY002'.
2025-05-30T14:37:32 [INFO] Attempt #1 of 3...
2025-05-30T14:37:32 [INFO] Retrieved credential for user 'DKBEY002'.
2025-05-30T14:37:33 [INFO] Attempt #1 of 3...
2025-05-30T14:37:33 [INFO] Retrieved credential for user 'DKBEY002'.
2025-05-30T14:37:33 [INFO] Attempt #1 of 3...
2025-05-30T14:37:33 [INFO] Retrieved credential for user 'DKBEY002'.
2025-05-30T14:37:33 [INFO] Attempt #1 of 3...
2025-05-30T14:37:33 [INFO] Retrieved credential for user 'DKBEY002'.
2025-05-30T14:37:33 [INFO] Attempt #1 of 3...
2025-05-30T14:37:33 [INFO] Retrieved credential for user 'DKBEY002'.
2025-05-30T14:37:33 [INFO] Attempt #1 of 3...
2025-05-30T14:37:33 [INFO] Retrieved credential for user 'DKBEY002'.
2025-05-30T14:37:33 [INFO] Attempt #1 of 3...
2025-05-30T14:37:33 [INFO] Retrieved credential for user 'DKBEY002'.
2025-05-30T14:37:33 [INFO] Attempt #1 of 3...
2025-05-30T14:37:33 [INFO] Retrieved credential for user 'DKBEY002'.
2025-05-30T14:37:33 [INFO] Attempt #1 of 3...
2025-05-30T14:37:33 [INFO] Retrieved credential for user 'DKBEY002'.
2025-05-30T14:37:33 [INFO] Attempt #1 of 3...
2025-05-30T14:37:33 [INFO] Retrieved credential for user 'DKBEY002'.
2025-05-30T14:37:33 [INFO] Attempt #1 of 3...
2025-05-30T14:37:33 [INFO] Retrieved credential for user 'DKBEY002'.
2025-05-30T14:37:33 [INFO] Attempt #1 of 3...
2025-05-30T14:37:33 [INFO] Retrieved credential for user 'DKBEY002'.
2025-05-30T14:37:33 [INFO] Attempt #1 of 3...
2025-05-30T14:37:33 [INFO] Retrieved credential for user 'DKBEY002'.
2025-05-30T14:37:33 [INFO] Attempt #1 of 3...
2025-05-30T14:37:33 [INFO] Retrieved credential for user 'DKBEY002'.
2025-05-30T14:37:33 [INFO] Attempt #1 of 3...
2025-05-30T14:37:33 [INFO] Retrieved credential for user 'DKBEY002'.
2025-05-30T14:37:33 [INFO] Attempt #1 of 3...
2025-05-30T14:37:33 [INFO] Retrieved credential for user 'DKBEY002'.
2025-05-30T14:37:33 [INFO] Attempt #1 of 3...
2025-05-30T14:37:34 [INFO] Retrieved credential for user 'DKBEY002'.
2025-05-30T14:37:34 [INFO] Attempt #1 of 3...
2025-05-30T14:37:34 [INFO] Retrieved credential for user 'DKBEY002'.
2025-05-30T14:37:34 [INFO] Attempt #1 of 3...
2025-05-30T14:37:34 [INFO] Retrieved credential for user 'DKBEY002'.
2025-05-30T14:37:34 [INFO] Attempt #1 of 3...
2025-05-30T14:37:34 [INFO] Retrieved credential for user 'DKBEY002'.
2025-05-30T14:37:34 [INFO] Attempt #1 of 3...
2025-05-30T14:37:34 [INFO] Retrieved credential for user 'DKBEY002'.
2025-05-30T14:37:34 [INFO] Attempt #1 of 3...
2025-05-30T14:37:34 [INFO] Retrieved credential for user 'DKBEY002'.
2025-05-30T14:37:34 [INFO] Attempt #1 of 3...
2025-05-30T14:37:34 [INFO] Retrieved credential for user 'DKBEY002'.
2025-05-30T14:37:34 [INFO] Attempt #1 of 3...
2025-05-30T14:37:34 [INFO] Retrieved credential for user 'DKBEY002'.
2025-05-30T14:37:34 [INFO] Attempt #1 of 3...
2025-05-30T14:37:34 [INFO] Retrieved credential for user 'DKBEY002'.
2025-05-30T14:37:34 [INFO] Attempt #1 of 3...
2025-05-30T14:37:34 [INFO] Retrieved credential for user 'DKBEY002'.
2025-05-30T14:37:34 [INFO] Attempt #1 of 3...
2025-05-30T14:37:34 [INFO] Retrieved credential for user 'DKBEY002'.
2025-05-30T14:37:34 [INFO] Attempt #1 of 3...
2025-05-30T14:37:34 [INFO] Retrieved credential for user 'DKBEY002'.
2025-05-30T14:37:34 [INFO] Attempt #1 of 3...
2025-05-30T14:37:34 [INFO] Retrieved credential for user 'DKBEY002'.
2025-05-30T14:37:34 [INFO] Attempt #1 of 3...
2025-05-30T14:37:34 [INFO] Retrieved credential for user 'DKBEY002'.
2025-05-30T14:37:34 [INFO] Attempt #1 of 3...
2025-05-30T14:37:34 [INFO] Retrieved credential for user 'DKBEY002'.
2025-05-30T14:37:34 [INFO] Attempt #1 of 3...
2025-05-30T14:37:34 [INFO] Retrieved credential for user 'DKBEY002'.
2025-05-30T14:37:34 [INFO] Attempt #1 of 3...
2025-05-30T14:37:35 [INFO] Retrieved credential for user 'DKBEY002'.
2025-05-30T14:37:35 [INFO] Attempt #1 of 3...
2025-05-30T14:37:35 [INFO] Retrieved credential for user 'DKBEY002'.
2025-05-30T14:37:35 [INFO] Attempt #1 of 3...
2025-05-30T14:37:35 [INFO] Retrieved credential for user 'DKBEY002'.
2025-05-30T14:37:35 [INFO] Attempt #1 of 3...
2025-05-30T14:37:35 [INFO] Retrieved credential for user 'DKBEY002'.
2025-05-30T14:37:35 [INFO] Attempt #1 of 3...
2025-05-30T14:37:35 [INFO] Retrieved credential for user 'DKBEY002'.
2025-05-30T14:37:35 [INFO] Attempt #1 of 3...
2025-05-30T14:37:35 [INFO] Retrieved credential for user 'DKBEY002'.
2025-05-30T14:37:35 [INFO] Attempt #1 of 3...
2025-05-30T14:37:35 [INFO] Retrieved credential for user 'DKBEY002'.
2025-05-30T14:37:35 [INFO] Attempt #1 of 3...
2025-05-30T14:37:35 [INFO] Retrieved credential for user 'DKBEY002'.
2025-05-30T14:37:36 [INFO] Attempt #1 of 3...
2025-05-30T14:37:36 [INFO] Retrieved credential for user 'DKBEY002'.
2025-05-30T14:37:36 [INFO] Attempt #1 of 3...
2025-05-30T14:37:36 [INFO] Retrieved credential for user 'DKBEY002'.
2025-05-30T14:37:36 [INFO] Attempt #1 of 3...
2025-05-30T14:37:36 [INFO] Retrieved credential for user 'DKBEY002'.
2025-05-30T14:37:36 [INFO] Attempt #1 of 3...
2025-05-30T14:37:37 [INFO] Retrieved credential for user 'DKBEY002'.
2025-05-30T14:37:37 [INFO] Attempt #1 of 3...
2025-05-30T14:37:37 [INFO] Retrieved credential for user 'DKBEY002'.
2025-05-30T14:37:37 [INFO] Attempt #1 of 3...
2025-05-30T14:37:37 [INFO] Retrieved credential for user 'DKBEY002'.
2025-05-30T14:37:37 [INFO] Attempt #1 of 3...
2025-05-30T14:37:37 [INFO] Retrieved credential for user 'DKBEY002'.
2025-05-30T14:37:37 [INFO] Attempt #1 of 3...
2025-05-30T14:37:37 [INFO] Retrieved credential for user 'DKBEY002'.
2025-05-30T14:37:37 [INFO] Attempt #1 of 3...
2025-05-30T14:37:37 [INFO] Retrieved credential for user 'DKBEY002'.
2025-05-30T14:37:37 [INFO] Attempt #1 of 3...
2025-05-30T14:37:37 [INFO] Retrieved credential for user 'DKBEY002'.
2025-05-30T14:37:37 [INFO] Attempt #1 of 3...
2025-05-30T14:37:37 [INFO] Retrieved credential for user 'DKBEY002'.
2025-05-30T14:37:37 [INFO] Attempt #1 of 3...
2025-05-30T14:37:37 [INFO] Retrieved credential for user 'DKBEY002'.
2025-05-30T14:37:37 [INFO] Attempt #1 of 3...
2025-05-30T14:37:37 [INFO] Retrieved credential for user 'DKBEY002'.
2025-05-30T14:37:37 [INFO] Attempt #1 of 3...
2025-05-30T14:37:37 [INFO] Retrieved credential for user 'DKBEY002'.
2025-05-30T14:37:37 [INFO] Attempt #1 of 3...
2025-05-30T14:37:38 [INFO] Retrieved credential for user 'DKBEY002'.
2025-05-30T14:37:38 [INFO] Attempt #1 of 3...
2025-05-30T14:37:38 [INFO] Retrieved credential for user 'DKBEY002'.
2025-05-30T14:37:38 [INFO] Attempt #1 of 3...
2025-05-30T14:37:38 [INFO] Retrieved credential for user 'DKBEY002'.
2025-05-30T14:37:38 [INFO] Attempt #1 of 3...
2025-05-30T14:37:38 [INFO] Retrieved credential for user 'DKBEY002'.
2025-05-30T14:37:38 [INFO] Attempt #1 of 3...
2025-05-30T14:37:38 [INFO] Retrieved credential for user 'DKBEY002'.
2025-05-30T14:37:38 [INFO] Attempt #1 of 3...
2025-05-30T14:37:38 [INFO] Retrieved credential for user 'DKBEY002'.
2025-05-30T14:37:38 [INFO] Attempt #1 of 3...
2025-05-30T14:37:38 [INFO] Retrieved credential for user 'DKBEY002'.
2025-05-30T14:37:38 [INFO] Attempt #1 of 3...
2025-05-30T14:37:38 [INFO] Retrieved credential for user 'DKBEY002'.
2025-05-30T14:37:38 [INFO] Attempt #1 of 3...
2025-05-30T14:37:38 [INFO] Retrieved credential for user 'DKBEY002'.
2025-05-30T14:37:38 [INFO] Attempt #1 of 3...
2025-05-30T14:37:38 [INFO] Retrieved credential for user 'DKBEY002'.
2025-05-30T14:37:38 [INFO] Attempt #1 of 3...
2025-05-30T14:37:38 [INFO] Retrieved credential for user 'DKBEY002'.
2025-05-30T14:37:38 [INFO] Attempt #1 of 3...
2025-05-30T14:37:38 [INFO] Retrieved credential for user 'DKBEY002'.
2025-05-30T14:37:38 [INFO] Attempt #1 of 3...
2025-05-30T14:37:38 [INFO] Retrieved credential for user 'DKBEY002'.
2025-05-30T14:37:38 [INFO] Attempt #1 of 3...
2025-05-30T14:37:38 [INFO] Retrieved credential for user 'DKBEY002'.
2025-05-30T14:37:38 [INFO] Attempt #1 of 3...
2025-05-30T14:37:38 [INFO] Retrieved credential for user 'DKBEY002'.
2025-05-30T14:37:38 [INFO] Attempt #1 of 3...
2025-05-30T14:37:39 [INFO] Retrieved credential for user 'DKBEY002'.
2025-05-30T14:37:39 [INFO] Attempt #1 of 3...
2025-05-30T14:37:39 [INFO] Retrieved credential for user 'DKBEY002'.
2025-05-30T14:37:39 [INFO] Attempt #1 of 3...
2025-05-30T14:37:39 [INFO] Retrieved credential for user 'DKBEY002'.
2025-05-30T14:37:39 [INFO] Attempt #1 of 3...
2025-05-30T14:37:39 [INFO] Retrieved credential for user 'DKBEY002'.
2025-05-30T14:37:39 [INFO] Attempt #1 of 3...
2025-05-30T14:37:39 [INFO] Retrieved credential for user 'DKBEY002'.
2025-05-30T14:37:39 [INFO] Attempt #1 of 3...
2025-05-30T14:37:39 [INFO] Retrieved credential for user 'DKBEY002'.
2025-05-30T14:37:39 [INFO] Attempt #1 of 3...
2025-05-30T14:37:39 [INFO] Retrieved credential for user 'DKBEY002'.
2025-05-30T14:37:39 [INFO] Attempt #1 of 3...
2025-05-30T14:37:39 [INFO] Retrieved credential for user 'DKBEY002'.
2025-05-30T14:37:39 [INFO] Attempt #1 of 3...
2025-05-30T14:37:39 [INFO] Retrieved credential for user 'DKBEY002'.
2025-05-30T14:37:39 [INFO] Attempt #1 of 3...
2025-05-30T14:37:39 [INFO] Retrieved credential for user 'DKBEY002'.
2025-05-30T14:37:39 [INFO] Attempt #1 of 3...
2025-05-30T14:37:39 [INFO] Retrieved credential for user 'DKBEY002'.
2025-05-30T14:37:39 [INFO] Attempt #1 of 3...
2025-05-30T14:37:39 [INFO] Retrieved credential for user 'DKBEY002'.
2025-05-30T14:37:39 [INFO] Attempt #1 of 3...
2025-05-30T14:37:39 [INFO] Retrieved credential for user 'DKBEY002'.
2025-05-30T14:37:39 [INFO] Attempt #1 of 3...
2025-05-30T14:37:40 [INFO] Retrieved credential for user 'DKBEY002'.
2025-05-30T14:38:12 [INFO] Retrieved credential for user 'DKBEY002'.
2025-05-30T14:38:12 [INFO] Attempt #1 of 3...
2025-05-30T14:38:12 [INFO] Retrieved credential for user 'DKBEY002'.
2025-05-30T14:38:12 [INFO] Attempt #1 of 3...
2025-05-30T14:38:12 [INFO] Retrieved credential for user 'DKBEY002'.
2025-05-30T14:38:12 [INFO] Attempt #1 of 3...
2025-05-30T14:38:12 [INFO] Retrieved credential for user 'DKBEY002'.
2025-05-30T14:38:12 [INFO] Attempt #1 of 3...
2025-05-30T14:38:12 [INFO] Retrieved credential for user 'DKBEY002'.
2025-05-30T14:38:12 [INFO] Attempt #1 of 3...
2025-05-30T14:38:13 [INFO] Retrieved credential for user 'DKBEY002'.
2025-05-30T14:38:13 [INFO] Attempt #1 of 3...
2025-05-30T14:38:13 [INFO] Retrieved credential for user 'DKBEY002'.
2025-05-30T14:38:13 [INFO] Attempt #1 of 3...
2025-05-30T14:38:13 [INFO] Retrieved credential for user 'DKBEY002'.
2025-05-30T14:38:13 [INFO] Attempt #1 of 3...
2025-05-30T14:38:13 [INFO] Retrieved credential for user 'DKBEY002'.
2025-05-30T14:38:13 [INFO] Attempt #1 of 3...
2025-05-30T14:38:13 [INFO] Retrieved credential for user 'DKBEY002'.
2025-05-30T14:38:13 [INFO] Attempt #1 of 3...
2025-05-30T14:38:13 [INFO] Retrieved credential for user 'DKBEY002'.
2025-05-30T14:38:13 [INFO] Attempt #1 of 3...
2025-05-30T14:38:13 [INFO] Retrieved credential for user 'DKBEY002'.
2025-05-30T14:38:13 [INFO] Attempt #1 of 3...
2025-05-30T14:38:13 [INFO] Retrieved credential for user 'DKBEY002'.
2025-05-30T14:38:13 [INFO] Attempt #1 of 3...
2025-05-30T14:38:13 [INFO] Retrieved credential for user 'DKBEY002'.
2025-05-30T14:38:13 [INFO] Attempt #1 of 3...
2025-05-30T14:38:13 [INFO] Retrieved credential for user 'DKBEY002'.
2025-05-30T14:38:13 [INFO] Attempt #1 of 3...
2025-05-30T14:38:13 [INFO] Retrieved credential for user 'DKBEY002'.
2025-05-30T14:38:13 [INFO] Attempt #1 of 3...
2025-05-30T14:38:13 [INFO] Retrieved credential for user 'DKBEY002'.
2025-05-30T14:38:13 [INFO] Attempt #1 of 3...
2025-05-30T14:38:13 [INFO] Retrieved credential for user 'DKBEY002'.
2025-05-30T14:38:13 [INFO] Attempt #1 of 3...
2025-05-30T14:38:13 [INFO] Retrieved credential for user 'DKBEY002'.
2025-05-30T14:38:13 [INFO] Attempt #1 of 3...
2025-05-30T14:38:13 [INFO] Retrieved credential for user 'DKBEY002'.
2025-05-30T14:38:13 [INFO] Attempt #1 of 3...
2025-05-30T14:38:13 [INFO] Retrieved credential for user 'DKBEY002'.
2025-05-30T14:38:13 [INFO] Attempt #1 of 3...
2025-05-30T14:38:13 [INFO] Retrieved credential for user 'DKBEY002'.
2025-05-30T14:38:13 [INFO] Attempt #1 of 3...
2025-05-30T14:38:14 [INFO] Retrieved credential for user 'DKBEY002'.
2025-05-30T14:38:14 [INFO] Attempt #1 of 3...
2025-05-30T14:38:14 [INFO] Retrieved credential for user 'DKBEY002'.
2025-05-30T14:38:14 [INFO] Attempt #1 of 3...
2025-05-30T14:38:14 [INFO] Retrieved credential for user 'DKBEY002'.
2025-05-30T14:38:14 [INFO] Attempt #1 of 3...
2025-05-30T14:38:14 [INFO] Retrieved credential for user 'DKBEY002'.
2025-05-30T14:38:14 [INFO] Attempt #1 of 3...
2025-05-30T14:38:14 [INFO] Retrieved credential for user 'DKBEY002'.
2025-05-30T14:38:14 [INFO] Attempt #1 of 3...
2025-05-30T14:38:14 [INFO] Retrieved credential for user 'DKBEY002'.
2025-05-30T14:38:14 [INFO] Attempt #1 of 3...
2025-05-30T14:38:14 [INFO] Retrieved credential for user 'DKBEY002'.
2025-05-30T14:38:14 [INFO] Attempt #1 of 3...
2025-05-30T14:38:14 [INFO] Retrieved credential for user 'DKBEY002'.
2025-05-30T14:38:14 [INFO] Attempt #1 of 3...
2025-05-30T14:38:14 [INFO] Retrieved credential for user 'DKBEY002'.
2025-05-30T14:38:14 [INFO] Attempt #1 of 3...
2025-05-30T14:38:14 [INFO] Retrieved credential for user 'DKBEY002'.
2025-05-30T14:38:14 [INFO] Attempt #1 of 3...
2025-05-30T14:38:14 [INFO] Retrieved credential for user 'DKBEY002'.
2025-05-30T14:38:14 [INFO] Attempt #1 of 3...
2025-05-30T14:38:14 [INFO] Retrieved credential for user 'DKBEY002'.
2025-05-30T14:38:14 [INFO] Attempt #1 of 3...
2025-05-30T14:38:14 [INFO] Retrieved credential for user 'DKBEY002'.
2025-05-30T14:38:14 [INFO] Attempt #1 of 3...
2025-05-30T14:38:14 [INFO] Retrieved credential for user 'DKBEY002'.
2025-05-30T14:38:14 [INFO] Attempt #1 of 3...
2025-05-30T14:38:14 [INFO] Retrieved credential for user 'DKBEY002'.
2025-05-30T14:38:14 [INFO] Attempt #1 of 3...
2025-05-30T14:38:14 [INFO] Retrieved credential for user 'DKBEY002'.
2025-05-30T14:38:14 [INFO] Attempt #1 of 3...
2025-05-30T14:38:15 [INFO] Retrieved credential for user 'DKBEY002'.
2025-05-30T14:38:15 [INFO] Attempt #1 of 3...
2025-05-30T14:38:15 [INFO] Retrieved credential for user 'DKBEY002'.
2025-05-30T14:38:15 [INFO] Attempt #1 of 3...
2025-05-30T14:38:15 [INFO] Retrieved credential for user 'DKBEY002'.
2025-05-30T14:38:15 [INFO] Attempt #1 of 3...
2025-05-30T14:38:15 [INFO] Retrieved credential for user 'DKBEY002'.
2025-05-30T14:40:58 [INFO] Attempt #1 of 3...
2025-05-30T14:40:58 [INFO] Retrieved credential for user 'DKBEY002'.
2025-05-30T14:40:58 [INFO] Attempt #1 of 3...
2025-05-30T14:40:58 [INFO] Retrieved credential for user 'DKBEY002'.
2025-05-30T14:40:58 [INFO] Attempt #1 of 3...
2025-05-30T14:40:58 [INFO] Retrieved credential for user 'DKBEY002'.
2025-05-30T14:40:58 [INFO] Attempt #1 of 3...
2025-05-30T14:40:59 [INFO] Retrieved credential for user 'DKBEY002'.
2025-05-30T14:40:59 [INFO] Attempt #1 of 3...
2025-05-30T14:40:59 [INFO] Retrieved credential for user 'DKBEY002'.
2025-05-30T14:40:59 [INFO] Attempt #1 of 3...
2025-05-30T14:40:59 [INFO] Retrieved credential for user 'DKBEY002'.
2025-05-30T14:40:59 [INFO] Attempt #1 of 3...
2025-05-30T14:40:59 [INFO] Retrieved credential for user 'DKBEY002'.
2025-05-30T14:40:59 [INFO] Attempt #1 of 3...
2025-05-30T14:40:59 [INFO] Retrieved credential for user 'DKBEY002'.
2025-05-30T14:40:59 [INFO] Attempt #1 of 3...
2025-05-30T14:40:59 [INFO] Retrieved credential for user 'DKBEY002'.
2025-05-30T14:40:59 [INFO] Attempt #1 of 3...
2025-05-30T14:41:00 [INFO] Retrieved credential for user 'DKBEY002'.
2025-05-30T14:41:00 [INFO] Attempt #1 of 3...
2025-05-30T14:41:00 [INFO] Retrieved credential for user 'DKBEY002'.
2025-05-30T14:41:00 [INFO] Attempt #1 of 3...
2025-05-30T14:41:00 [INFO] Retrieved credential for user 'DKBEY002'.
2025-05-30T14:41:00 [INFO] Attempt #1 of 3...
2025-05-30T14:41:00 [INFO] Retrieved credential for user 'DKBEY002'.
2025-05-30T14:41:00 [INFO] Attempt #1 of 3...
2025-05-30T14:41:00 [INFO] Retrieved credential for user 'DKBEY002'.
2025-05-30T14:41:00 [INFO] Attempt #1 of 3...
2025-05-30T14:41:00 [INFO] Retrieved credential for user 'DKBEY002'.
2025-05-30T14:41:00 [INFO] Attempt #1 of 3...
2025-05-30T14:41:00 [INFO] Retrieved credential for user 'DKBEY002'.
2025-05-30T14:41:00 [INFO] Attempt #1 of 3...
2025-05-30T14:41:00 [INFO] Retrieved credential for user 'DKBEY002'.
2025-05-30T14:41:00 [INFO] Attempt #1 of 3...
2025-05-30T14:41:00 [INFO] Retrieved credential for user 'DKBEY002'.
2025-05-30T14:41:00 [INFO] Attempt #1 of 3...
2025-05-30T14:41:00 [INFO] Retrieved credential for user 'DKBEY002'.
2025-05-30T14:41:00 [INFO] Attempt #1 of 3...
2025-05-30T14:41:00 [INFO] Retrieved credential for user 'DKBEY002'.
2025-05-30T14:41:00 [INFO] Attempt #1 of 3...
2025-05-30T14:41:00 [INFO] Retrieved credential for user 'DKBEY002'.
2025-05-30T14:41:00 [INFO] Attempt #1 of 3...
2025-05-30T14:41:00 [INFO] Retrieved credential for user 'DKBEY002'.
2025-05-30T14:41:00 [INFO] Attempt #1 of 3...
2025-05-30T14:41:00 [INFO] Retrieved credential for user 'DKBEY002'.
2025-05-30T14:41:00 [INFO] Attempt #1 of 3...
2025-05-30T14:41:01 [INFO] Retrieved credential for user 'DKBEY002'.
2025-05-30T14:41:01 [INFO] Attempt #1 of 3...
2025-05-30T14:41:01 [INFO] Retrieved credential for user 'DKBEY002'.
2025-05-30T14:41:01 [INFO] Attempt #1 of 3...
2025-05-30T14:41:01 [INFO] Retrieved credential for user 'DKBEY002'.
2025-05-30T14:41:01 [INFO] Attempt #1 of 3...
2025-05-30T14:41:01 [INFO] Retrieved credential for user 'DKBEY002'.
2025-05-30T14:41:01 [INFO] Attempt #1 of 3...
2025-05-30T14:41:01 [INFO] Retrieved credential for user 'DKBEY002'.
2025-05-30T14:41:01 [INFO] Attempt #1 of 3...
2025-05-30T14:41:01 [INFO] Retrieved credential for user 'DKBEY002'.
2025-05-30T14:41:01 [INFO] Attempt #1 of 3...
2025-05-30T14:41:01 [INFO] Retrieved credential for user 'DKBEY002'.
2025-05-30T14:41:01 [INFO] Attempt #1 of 3...
2025-05-30T14:41:01 [INFO] Retrieved credential for user 'DKBEY002'.
2025-05-30T14:41:01 [INFO] Attempt #1 of 3...
2025-05-30T14:41:01 [INFO] Retrieved credential for user 'DKBEY002'.
2025-05-30T14:41:01 [INFO] Attempt #1 of 3...
2025-05-30T14:41:01 [INFO] Retrieved credential for user 'DKBEY002'.
2025-05-30T14:41:01 [INFO] Attempt #1 of 3...
2025-05-30T14:46:39 [INFO] Retrieved credential for user 'DKBEY002'.
2025-05-30T14:46:39 [INFO] Attempt #1 of 3...
2025-05-30T14:46:39 [INFO] Retrieved credential for user 'DKBEY002'.
2025-05-30T14:46:39 [INFO] Attempt #1 of 3...
2025-05-30T14:46:39 [INFO] Retrieved credential for user 'DKBEY002'.
2025-05-30T14:46:39 [INFO] Attempt #1 of 3...
2025-05-30T14:46:39 [INFO] Retrieved credential for user 'DKBEY002'.
2025-05-30T14:46:39 [INFO] Attempt #1 of 3...
2025-05-30T14:46:39 [INFO] Retrieved credential for user 'DKBEY002'.
2025-05-30T14:46:39 [INFO] Attempt #1 of 3...
2025-05-30T14:46:39 [INFO] Retrieved credential for user 'DKBEY002'.
2025-05-30T14:46:39 [INFO] Attempt #1 of 3...
2025-05-30T14:46:39 [INFO] Retrieved credential for user 'DKBEY002'.
2025-05-30T14:46:39 [INFO] Attempt #1 of 3...
2025-05-30T14:46:39 [INFO] Retrieved credential for user 'DKBEY002'.
2025-05-30T14:46:39 [INFO] Attempt #1 of 3...
2025-05-30T14:46:39 [INFO] Retrieved credential for user 'DKBEY002'.
2025-05-30T14:46:39 [INFO] Attempt #1 of 3...
2025-05-30T14:46:39 [INFO] Retrieved credential for user 'DKBEY002'.
2025-05-30T14:46:39 [INFO] Attempt #1 of 3...
2025-05-30T14:46:39 [INFO] Retrieved credential for user 'DKBEY002'.
2025-05-30T14:46:39 [INFO] Attempt #1 of 3...
2025-05-30T14:46:39 [INFO] Retrieved credential for user 'DKBEY002'.
2025-05-30T14:46:39 [INFO] Attempt #1 of 3...
2025-05-30T14:46:39 [INFO] Retrieved credential for user 'DKBEY002'.
2025-05-30T14:46:39 [INFO] Attempt #1 of 3...
2025-05-30T14:46:39 [INFO] Retrieved credential for user 'DKBEY002'.
2025-05-30T14:46:39 [INFO] Attempt #1 of 3...
2025-05-30T14:46:39 [INFO] Retrieved credential for user 'DKBEY002'.
2025-05-30T14:46:39 [INFO] Attempt #1 of 3...
2025-05-30T14:46:39 [INFO] Retrieved credential for user 'DKBEY002'.
2025-05-30T14:46:39 [INFO] Attempt #1 of 3...
2025-05-30T14:46:40 [INFO] Retrieved credential for user 'DKBEY002'.
2025-05-30T14:46:40 [INFO] Attempt #1 of 3...
2025-05-30T14:46:40 [INFO] Retrieved credential for user 'DKBEY002'.
2025-05-30T14:46:40 [INFO] Attempt #1 of 3...
2025-05-30T14:46:40 [INFO] Retrieved credential for user 'DKBEY002'.
2025-05-30T14:46:40 [INFO] Attempt #1 of 3...
2025-05-30T14:46:40 [INFO] Retrieved credential for user 'DKBEY002'.
2025-05-30T14:46:40 [INFO] Attempt #1 of 3...
2025-05-30T14:46:40 [INFO] Retrieved credential for user 'DKBEY002'.
2025-05-30T14:46:40 [INFO] Attempt #1 of 3...
2025-05-30T14:46:40 [INFO] Retrieved credential for user 'DKBEY002'.
2025-05-30T14:46:40 [INFO] Attempt #1 of 3...
2025-05-30T14:46:40 [INFO] Retrieved credential for user 'DKBEY002'.
2025-05-30T14:46:40 [INFO] Attempt #1 of 3...
2025-05-30T14:46:40 [INFO] Retrieved credential for user 'DKBEY002'.
2025-05-30T14:46:40 [INFO] Attempt #1 of 3...
2025-05-30T14:46:40 [INFO] Retrieved credential for user 'DKBEY002'.
2025-05-30T14:46:40 [INFO] Attempt #1 of 3...
2025-05-30T14:46:40 [INFO] Retrieved credential for user 'DKBEY002'.
2025-05-30T14:46:40 [INFO] Attempt #1 of 3...
2025-05-30T14:46:40 [INFO] Retrieved credential for user 'DKBEY002'.
2025-05-30T14:46:40 [INFO] Attempt #1 of 3...
2025-05-30T14:46:40 [INFO] Retrieved credential for user 'DKBEY002'.
2025-05-30T14:46:40 [INFO] Attempt #1 of 3...
2025-05-30T14:46:40 [INFO] Retrieved credential for user 'DKBEY002'.
2025-05-30T14:46:40 [INFO] Attempt #1 of 3...
2025-05-30T14:46:40 [INFO] Retrieved credential for user 'DKBEY002'.
2025-05-30T14:46:40 [INFO] Attempt #1 of 3...
2025-05-30T14:46:40 [INFO] Retrieved credential for user 'DKBEY002'.
2025-05-30T14:46:40 [INFO] Attempt #1 of 3...
2025-05-30T14:46:40 [INFO] Retrieved credential for user 'DKBEY002'.
2025-05-30T14:46:40 [INFO] Attempt #1 of 3...
2025-05-30T14:46:40 [INFO] Retrieved credential for user 'DKBEY002'.
2025-05-30T14:46:40 [INFO] Attempt #1 of 3...
2025-05-30T14:46:40 [INFO] Retrieved credential for user 'DKBEY002'.
2025-05-30T14:46:40 [INFO] Attempt #1 of 3...
2025-05-30T14:46:40 [INFO] Retrieved credential for user 'DKBEY002'.
2025-05-30T14:46:40 [INFO] Attempt #1 of 3...
2025-05-30T14:46:41 [INFO] Retrieved credential for user 'DKBEY002'.
2025-05-30T14:46:41 [INFO] Attempt #1 of 3...
2025-05-30T14:46:41 [INFO] Retrieved credential for user 'DKBEY002'.
2025-05-30T14:46:41 [INFO] Attempt #1 of 3...
2025-05-30T14:52:12 [INFO] Attempt #1 of 3...
2025-05-30T14:52:12 [INFO] Retrieved credential for user 'DKBEY002'.
2025-05-30T14:52:12 [INFO] Attempt #1 of 3...
2025-05-30T14:52:12 [ERROR] Exception running main script: A parameter cannot be found that matches parameter name 'Username'.
2025-05-30T14:52:12 [WARN] Transient or unknown error (code 1). Will retry if attempts remain.
2025-05-30T14:52:12 [INFO] Waiting 10 seconds before next attempt...
2025-05-30T14:52:22 [INFO] Attempt #2 of 3...
2025-05-30T14:52:22 [ERROR] Exception running main script: A parameter cannot be found that matches parameter name 'Username'.
2025-05-30T14:52:22 [WARN] Transient or unknown error (code 1). Will retry if attempts remain.
2025-05-30T14:52:22 [INFO] Waiting 10 seconds before next attempt...
2025-05-30T14:52:32 [INFO] Attempt #3 of 3...
2025-05-30T14:52:32 [ERROR] Exception running main script: A parameter cannot be found that matches parameter name 'Username'.
2025-05-30T14:52:32 [WARN] Transient or unknown error (code 1). Will retry if attempts remain.
2025-05-30T14:52:32 [ERROR] All 3 attempts failed. Exiting with code 1.
2025-05-30T14:54:16 [INFO] Attempt #1 of 3...
2025-05-30T14:54:16 [INFO] Retrieved credential for user 'DKBEY002'.
2025-05-30T14:54:16 [INFO] Attempt #1 of 3...
2025-05-30T14:54:16 [INFO] Retrieved credential for user 'DKBEY002'.
2025-05-30T14:54:16 [INFO] Attempt #1 of 3...
2025-05-30T14:54:16 [INFO] Retrieved credential for user 'DKBEY002'.
2025-05-30T14:54:16 [INFO] Attempt #1 of 3...
2025-05-30T14:54:16 [INFO] Retrieved credential for user 'DKBEY002'.
2025-05-30T14:54:16 [INFO] Attempt #1 of 3...
2025-05-30T14:54:17 [INFO] Retrieved credential for user 'DKBEY002'.
2025-05-30T14:54:17 [INFO] Attempt #1 of 3...
2025-05-30T14:54:17 [INFO] Retrieved credential for user 'DKBEY002'.
2025-05-30T14:54:17 [INFO] Attempt #1 of 3...
2025-05-30T14:54:17 [INFO] Retrieved credential for user 'DKBEY002'.
2025-05-30T14:54:17 [INFO] Attempt #1 of 3...
2025-05-30T14:54:17 [INFO] Retrieved credential for user 'DKBEY002'.
2025-05-30T14:54:17 [INFO] Attempt #1 of 3...
2025-05-30T14:54:17 [INFO] Retrieved credential for user 'DKBEY002'.
2025-05-30T14:54:17 [INFO] Attempt #1 of 3...
2025-05-30T14:54:17 [INFO] Retrieved credential for user 'DKBEY002'.
2025-05-30T14:54:18 [INFO] Attempt #1 of 3...
2025-05-30T14:54:18 [INFO] Retrieved credential for user 'DKBEY002'.
2025-05-30T14:54:18 [INFO] Attempt #1 of 3...
2025-05-30T14:54:18 [INFO] Retrieved credential for user 'DKBEY002'.
2025-05-30T14:54:18 [INFO] Attempt #1 of 3...
2025-05-30T14:54:18 [INFO] Retrieved credential for user 'DKBEY002'.
2025-05-30T14:54:18 [INFO] Attempt #1 of 3...
2025-05-30T14:54:18 [INFO] Retrieved credential for user 'DKBEY002'.
2025-05-30T14:54:18 [INFO] Attempt #1 of 3...
2025-05-30T14:54:18 [INFO] Retrieved credential for user 'DKBEY002'.
2025-05-30T14:54:18 [INFO] Attempt #1 of 3...
2025-05-30T14:54:19 [INFO] Retrieved credential for user 'DKBEY002'.
2025-05-30T14:54:19 [INFO] Attempt #1 of 3...
2025-05-30T14:54:19 [INFO] Retrieved credential for user 'DKBEY002'.
2025-05-30T14:54:19 [INFO] Attempt #1 of 3...
2025-05-30T14:54:19 [INFO] Retrieved credential for user 'DKBEY002'.
2025-05-30T14:54:19 [INFO] Attempt #1 of 3...
2025-05-30T14:54:19 [INFO] Retrieved credential for user 'DKBEY002'.
2025-05-30T14:54:19 [INFO] Attempt #1 of 3...
2025-05-30T14:54:19 [INFO] Retrieved credential for user 'DKBEY002'.
2025-05-30T14:54:19 [INFO] Attempt #1 of 3...
2025-05-30T14:54:19 [INFO] Retrieved credential for user 'DKBEY002'.
2025-05-30T14:54:19 [INFO] Attempt #1 of 3...
2025-05-30T14:54:19 [INFO] Retrieved credential for user 'DKBEY002'.
2025-05-30T14:54:19 [INFO] Attempt #1 of 3...
2025-05-30T14:54:19 [INFO] Retrieved credential for user 'DKBEY002'.
2025-05-30T14:54:19 [INFO] Attempt #1 of 3...
2025-05-30T14:54:19 [INFO] Retrieved credential for user 'DKBEY002'.
2025-05-30T14:54:19 [INFO] Attempt #1 of 3...
2025-05-30T14:54:19 [INFO] Retrieved credential for user 'DKBEY002'.
2025-05-30T14:54:19 [INFO] Attempt #1 of 3...
2025-05-30T14:54:19 [INFO] Retrieved credential for user 'DKBEY002'.
2025-05-30T14:54:19 [INFO] Attempt #1 of 3...
2025-05-30T14:54:19 [INFO] Retrieved credential for user 'DKBEY002'.
2025-05-30T14:54:19 [INFO] Attempt #1 of 3...
2025-05-30T14:54:19 [INFO] Retrieved credential for user 'DKBEY002'.
2025-05-30T14:54:19 [INFO] Attempt #1 of 3...
2025-05-30T14:54:19 [INFO] Retrieved credential for user 'DKBEY002'.
2025-05-30T14:54:19 [INFO] Attempt #1 of 3...
2025-05-30T14:54:19 [INFO] Retrieved credential for user 'DKBEY002'.
2025-05-30T14:54:19 [INFO] Attempt #1 of 3...
2025-05-30T14:54:19 [INFO] Retrieved credential for user 'DKBEY002'.
2025-05-30T14:54:19 [INFO] Attempt #1 of 3...
2025-05-30T14:54:19 [INFO] Retrieved credential for user 'DKBEY002'.
2025-05-30T14:54:19 [INFO] Attempt #1 of 3...
2025-05-30T14:54:19 [INFO] Retrieved credential for user 'DKBEY002'.
2025-05-30T14:54:19 [INFO] Attempt #1 of 3...
2025-05-30T14:54:20 [INFO] Retrieved credential for user 'DKBEY002'.
2025-05-30T14:54:20 [INFO] Attempt #1 of 3...
2025-05-30T14:54:20 [INFO] Retrieved credential for user 'DKBEY002'.
2025-05-30T14:54:20 [INFO] Attempt #1 of 3...
2025-05-30T14:54:20 [INFO] Retrieved credential for user 'DKBEY002'.
2025-05-30T14:54:20 [INFO] Attempt #1 of 3...
2025-05-30T14:54:20 [INFO] Retrieved credential for user 'DKBEY002'.
2025-05-30T14:54:20 [INFO] Attempt #1 of 3...
2025-05-30T14:54:20 [INFO] Retrieved credential for user 'DKBEY002'.
2025-05-30T14:54:20 [INFO] Attempt #1 of 3...
2025-05-30T14:54:20 [INFO] Retrieved credential for user 'DKBEY002'.
2025-05-30T14:54:20 [INFO] Attempt #1 of 3...
2025-05-30T14:54:20 [INFO] Retrieved credential for user 'DKBEY002'.
2025-05-30T14:54:20 [INFO] Attempt #1 of 3...
2025-05-30T14:54:20 [INFO] Retrieved credential for user 'DKBEY002'.
2025-05-30T14:54:20 [INFO] Attempt #1 of 3...
2025-05-30T14:54:20 [INFO] Retrieved credential for user 'DKBEY002'.
2025-05-30T14:54:20 [INFO] Attempt #1 of 3...
2025-05-30T14:54:20 [INFO] Retrieved credential for user 'DKBEY002'.
2025-05-30T14:54:20 [INFO] Attempt #1 of 3...
2025-05-30T14:54:20 [INFO] Retrieved credential for user 'DKBEY002'.
2025-05-30T14:54:20 [INFO] Attempt #1 of 3...
2025-05-30T14:54:20 [INFO] Retrieved credential for user 'DKBEY002'.
2025-05-30T14:54:20 [INFO] Attempt #1 of 3...
2025-05-30T14:54:20 [INFO] Retrieved credential for user 'DKBEY002'.
2025-05-30T14:54:20 [INFO] Attempt #1 of 3...
2025-05-30T14:54:20 [INFO] Retrieved credential for user 'DKBEY002'.
2025-05-30T14:54:20 [INFO] Attempt #1 of 3...
2025-05-30T14:54:20 [INFO] Retrieved credential for user 'DKBEY002'.
2025-05-30T14:54:20 [INFO] Attempt #1 of 3...
2025-05-30T14:54:20 [INFO] Retrieved credential for user 'DKBEY002'.
2025-05-30T14:54:20 [INFO] Attempt #1 of 3...
2025-05-30T14:54:20 [INFO] Retrieved credential for user 'DKBEY002'.
2025-05-30T14:54:20 [INFO] Attempt #1 of 3...
2025-05-30T14:54:20 [INFO] Retrieved credential for user 'DKBEY002'.
2025-05-30T14:54:20 [INFO] Attempt #1 of 3...
2025-05-30T14:54:20 [INFO] Retrieved credential for user 'DKBEY002'.
2025-05-30T14:54:20 [INFO] Attempt #1 of 3...
2025-05-30T14:54:20 [INFO] Retrieved credential for user 'DKBEY002'.
2025-05-30T14:54:20 [INFO] Attempt #1 of 3...
2025-05-30T14:54:20 [INFO] Retrieved credential for user 'DKBEY002'.
2025-05-30T14:54:20 [INFO] Attempt #1 of 3...
2025-05-30T14:54:21 [INFO] Retrieved credential for user 'DKBEY002'.
2025-05-30T14:54:21 [INFO] Attempt #1 of 3...
2025-05-30T14:54:21 [INFO] Retrieved credential for user 'DKBEY002'.
2025-05-30T14:54:21 [INFO] Attempt #1 of 3...
2025-05-30T14:54:21 [INFO] Retrieved credential for user 'DKBEY002'.
2025-05-30T14:54:21 [INFO] Attempt #1 of 3...
2025-05-30T14:54:21 [INFO] Retrieved credential for user 'DKBEY002'.
2025-05-30T14:54:21 [INFO] Attempt #1 of 3...
2025-05-30T14:54:21 [INFO] Retrieved credential for user 'DKBEY002'.
2025-05-30T14:54:21 [INFO] Attempt #1 of 3...
2025-05-30T14:54:21 [INFO] Retrieved credential for user 'DKBEY002'.
2025-05-30T14:54:21 [INFO] Attempt #1 of 3...
2025-05-30T14:54:21 [INFO] Retrieved credential for user 'DKBEY002'.
2025-05-30T14:54:21 [INFO] Attempt #1 of 3...
2025-05-30T14:54:21 [INFO] Retrieved credential for user 'DKBEY002'.
2025-05-30T14:54:21 [INFO] Attempt #1 of 3...
2025-05-30T14:54:21 [INFO] Retrieved credential for user 'DKBEY002'.
2025-05-30T14:54:22 [INFO] Attempt #1 of 3...
2025-05-30T14:54:22 [INFO] Retrieved credential for user 'DKBEY002'.
2025-05-30T14:54:22 [INFO] Attempt #1 of 3...
2025-05-30T14:54:22 [INFO] Retrieved credential for user 'DKBEY002'.
2025-05-30T14:54:22 [INFO] Attempt #1 of 3...
2025-05-30T14:54:22 [INFO] Retrieved credential for user 'DKBEY002'.
2025-05-30T14:54:22 [INFO] Attempt #1 of 3...
2025-05-30T14:54:22 [INFO] Retrieved credential for user 'DKBEY002'.
2025-05-30T14:54:23 [INFO] Attempt #1 of 3...
2025-05-30T14:54:23 [INFO] Retrieved credential for user 'DKBEY002'.
2025-05-30T14:54:23 [INFO] Attempt #1 of 3...
2025-05-30T14:54:23 [INFO] Retrieved credential for user 'DKBEY002'.
2025-05-30T14:54:23 [INFO] Attempt #1 of 3...
2025-05-30T14:54:23 [INFO] Retrieved credential for user 'DKBEY002'.
2025-05-30T14:54:23 [INFO] Attempt #1 of 3...
2025-05-30T14:54:23 [INFO] Retrieved credential for user 'DKBEY002'.
2025-05-30T14:54:23 [INFO] Attempt #1 of 3...
2025-05-30T14:54:23 [INFO] Retrieved credential for user 'DKBEY002'.
2025-05-30T14:54:23 [INFO] Attempt #1 of 3...
2025-05-30T14:54:23 [INFO] Retrieved credential for user 'DKBEY002'.
2025-05-30T14:54:23 [INFO] Attempt #1 of 3...
2025-05-30T14:54:23 [INFO] Retrieved credential for user 'DKBEY002'.
2025-05-30T14:54:23 [INFO] Attempt #1 of 3...
2025-05-30T15:02:58 [INFO] Attempt #1 of 3...
2025-05-30T15:02:58 [INFO] Retrieved credential for user 'DKBEY002'.
2025-05-30T15:02:58 [INFO] Attempt #1 of 3...
2025-05-30T15:02:58 [INFO] Retrieved credential for user 'DKBEY002'.
2025-05-30T15:02:58 [INFO] Attempt #1 of 3...
2025-05-30T15:02:58 [INFO] Retrieved credential for user 'DKBEY002'.
2025-05-30T15:02:58 [INFO] Attempt #1 of 3...
2025-05-30T15:02:58 [INFO] Retrieved credential for user 'DKBEY002'.
2025-05-30T15:02:58 [INFO] Attempt #1 of 3...
2025-05-30T15:02:58 [INFO] Retrieved credential for user 'DKBEY002'.
2025-05-30T15:02:58 [INFO] Attempt #1 of 3...
2025-05-30T15:02:58 [INFO] Retrieved credential for user 'DKBEY002'.
2025-05-30T15:02:58 [INFO] Attempt #1 of 3...
2025-05-30T15:02:58 [INFO] Retrieved credential for user 'DKBEY002'.
2025-05-30T15:02:58 [INFO] Attempt #1 of 3...
2025-05-30T15:02:59 [INFO] Retrieved credential for user 'DKBEY002'.
2025-05-30T15:02:59 [INFO] Attempt #1 of 3...
2025-05-30T15:02:59 [INFO] Retrieved credential for user 'DKBEY002'.
2025-05-30T15:02:59 [INFO] Attempt #1 of 3...
2025-05-30T15:02:59 [INFO] Retrieved credential for user 'DKBEY002'.
2025-05-30T15:02:59 [INFO] Attempt #1 of 3...
2025-05-30T15:02:59 [INFO] Retrieved credential for user 'DKBEY002'.
2025-05-30T15:02:59 [INFO] Attempt #1 of 3...
2025-05-30T15:02:59 [INFO] Retrieved credential for user 'DKBEY002'.
2025-05-30T15:02:59 [INFO] Attempt #1 of 3...
2025-05-30T15:03:00 [INFO] Retrieved credential for user 'DKBEY002'.
2025-05-30T15:03:00 [INFO] Attempt #1 of 3...
2025-05-30T15:03:00 [INFO] Retrieved credential for user 'DKBEY002'.
2025-05-30T15:03:00 [INFO] Attempt #1 of 3...
2025-05-30T15:03:00 [INFO] Retrieved credential for user 'DKBEY002'.
2025-05-30T15:03:00 [INFO] Attempt #1 of 3...
2025-05-30T15:03:00 [INFO] Retrieved credential for user 'DKBEY002'.
2025-05-30T15:03:00 [INFO] Attempt #1 of 3...
2025-05-30T15:03:00 [INFO] Retrieved credential for user 'DKBEY002'.
2025-05-30T15:03:01 [INFO] Attempt #1 of 3...
2025-05-30T15:19:17 [INFO] Attempt #1 of 3...
{"level":"INFO","timestamp":"2025-05-30T15:19:17","message":"Starting login for user 'DKBEY002'..."}
{"level":"INFO","timestamp":"2025-05-30T15:19:18","message":"Login succeeded. Session-ID: 1wwqh3u5ia71t499ikx6kgx81957"}
{"level":"INFO","timestamp":"2025-05-30T15:19:18","message":"Requesting upload token..."}
{"level":"INFO","timestamp":"2025-05-30T15:19:18","message":"Upload token received: 2ad0711b-d106-426a-983e-8ba5d78c90d1"}
{"level":"INFO","timestamp":"2025-05-30T15:19:18","message":"Preparing to upload 'idgard_test_file.txt' (10 bytes)..."}
{"level":"INFO","timestamp":"2025-05-30T15:19:18","message":"File upload succeeded: idgard_test_file.txt"}
{"level":"INFO","timestamp":"2025-05-30T15:19:18","message":"Script completed successfully."}
2025-05-30T15:19:18 [INFO] Success on attempt #1
